2024-10-28 20:33:15,789 - INFO - Opening URL: https://www.livescore.com/en/football/england/premier-league/results/
2024-10-28 20:33:17,895 - INFO - Clicked the close button: div.TA > p
2024-10-28 20:34:04,634 - INFO - Reached the end of the page.
2024-10-28 20:34:04,636 - INFO - Data extraction complete. Match data saved to output/match_links.json.
2024-10-28 20:34:04,636 - INFO - Total matches found: 90
2024-10-28 20:34:04,637 - INFO - Extracting link: https://www.livescore.com/en/football/england/premier-league/arsenal-vs-liverpool/1250661/
2024-10-28 20:34:09,450 - INFO - Clicked the close button: info
2024-10-28 20:34:12,806 - INFO - Clicked the close button: statistics
2024-10-28 20:34:17,057 - INFO - Match data extracted: {'home_team': 'Arsenal', 'away_team': 'Liverpool', 'home_score': '2', 'away_score': '2', 'startTime': '27 Oct 2024', 'referee': 'Anthony Taylor', 'ref_citizenship': 'England', 'stadium': 'Emirates Stadium', 'spectators': '60,383', 'home_shots_on_target': '3', 'away_shots_on_target': '4', 'home_shots_off_target': '4', 'away_shots_off_target': '3', 'home_shots_blocked': '2', 'away_shots_blocked': '2', 'home_possession': '45', 'away_possession': '55', 'home_corners': '1', 'away_corners': '3', 'home_offsides': '2', 'away_offsides': '1', 'home_fouls': '14', 'away_fouls': '14', 'home_throw_ins': '15', 'away_throw_ins': '20', 'home_yellow_cards': '2', 'away_yellow_cards': '2', 'home_goalkeeper_saves': '2', 'away_goalkeeper_saves': '1', 'home_goalKicks': '6', 'away_goalKicks': '9'}
2024-10-28 20:34:17,058 - INFO - Extracting link: https://www.livescore.com/en/football/england/premier-league/chelsea-vs-newcastle-united/1250660/
2024-10-28 20:34:22,089 - INFO - Clicked the close button: info
2024-10-28 20:34:24,934 - INFO - Clicked the close button: statistics
2024-10-28 20:34:28,438 - INFO - Match data extracted: {'home_team': 'Chelsea', 'away_team': 'Newcastle United', 'home_score': '2', 'away_score': '1', 'startTime': '27 Oct 2024', 'referee': 'Simon Hooper', 'ref_citizenship': 'England', 'stadium': 'Stamford Bridge', 'spectators': None, 'home_shots_on_target': '7', 'away_shots_on_target': '3', 'home_shots_off_target': '6', 'away_shots_off_target': '5', 'home_shots_blocked': '4', 'away_shots_blocked': '3', 'home_possession': '50', 'away_possession': '50', 'home_corners': '7', 'away_corners': '4', 'home_offsides': '2', 'away_offsides': '1', 'home_fouls': '13', 'away_fouls': '16', 'home_throw_ins': '12', 'away_throw_ins': '21', 'home_yellow_cards': '6', 'away_yellow_cards': '3', 'home_goalkeeper_saves': '1', 'away_goalkeeper_saves': '5', 'home_goalKicks': '8', 'away_goalKicks': '7'}
2024-10-28 20:34:28,439 - INFO - Extracting link: https://www.livescore.com/en/football/england/premier-league/crystal-palace-vs-tottenham-hotspur/1250659/
2024-10-28 20:34:33,470 - INFO - Clicked the close button: info
2024-10-28 20:34:36,682 - INFO - Clicked the close button: statistics
2024-10-28 20:34:39,790 - INFO - Match data extracted: {'home_team': 'Crystal Palace', 'away_team': 'Tottenham Hotspur', 'home_score': '1', 'away_score': '0', 'startTime': '27 Oct 2024', 'referee': 'Darren Bond', 'ref_citizenship': 'England', 'stadium': 'Selhurst Park', 'spectators': None, 'home_shots_on_target': '6', 'away_shots_on_target': '3', 'home_shots_off_target': '7', 'away_shots_off_target': '4', 'home_shots_blocked': '1', 'away_shots_blocked': '4', 'home_possession': '34', 'away_possession': '66', 'home_corners': '8', 'away_corners': '8', 'home_offsides': '4', 'away_offsides': '1', 'home_fouls': '16', 'away_fouls': '12', 'home_throw_ins': '13', 'away_throw_ins': '18', 'home_yellow_cards': '4', 'away_yellow_cards': '4', 'home_goalkeeper_saves': '3', 'away_goalkeeper_saves': '5', 'home_goalKicks': '9', 'away_goalKicks': '12'}
2024-10-28 20:34:39,790 - INFO - Extracting link: https://www.livescore.com/en/football/england/premier-league/west-ham-united-vs-manchester-united/1250663/
2024-10-28 20:34:44,771 - INFO - Clicked the close button: info
2024-10-28 20:34:48,584 - INFO - Clicked the close button: statistics
2024-10-28 20:34:52,709 - INFO - Match data extracted: {'home_team': 'West Ham United', 'away_team': 'Manchester United', 'home_score': '2', 'away_score': '1', 'startTime': '27 Oct 2024', 'referee': 'David Coote', 'ref_citizenship': 'England', 'stadium': 'London Stadium', 'spectators': None, 'home_shots_on_target': '3', 'away_shots_on_target': '5', 'home_shots_off_target': '8', 'away_shots_off_target': '7', 'home_shots_blocked': '1', 'away_shots_blocked': '6', 'home_possession': '43', 'away_possession': '58', 'home_corners': '6', 'away_corners': '5', 'home_offsides': '3', 'away_offsides': '3', 'home_fouls': '6', 'away_fouls': '7', 'home_throw_ins': '14', 'away_throw_ins': '24', 'home_yellow_cards': '5', 'away_yellow_cards': '1', 'home_goalkeeper_saves': '4', 'away_goalkeeper_saves': '1', 'home_goalKicks': '7', 'away_goalKicks': '6'}
2024-10-28 20:34:52,710 - INFO - Extracting link: https://www.livescore.com/en/football/england/premier-league/everton-vs-fulham/1250662/
2024-10-28 20:34:57,714 - INFO - Clicked the close button: info
2024-10-28 20:35:00,287 - INFO - Clicked the close button: statistics
2024-10-28 20:35:03,317 - INFO - Match data extracted: {'home_team': 'Everton', 'away_team': 'Fulham', 'home_score': '1', 'away_score': '1', 'startTime': '26 Oct 2024', 'referee': 'John Brooks', 'ref_citizenship': 'England', 'stadium': 'Goodison Park', 'spectators': '38,742', 'home_shots_on_target': '5', 'away_shots_on_target': '3', 'home_shots_off_target': '3', 'away_shots_off_target': '9', 'home_shots_blocked': '2', 'away_shots_blocked': '2', 'home_possession': '40', 'away_possession': '60', 'home_corners': '4', 'away_corners': '2', 'home_offsides': '4', 'away_offsides': '2', 'home_fouls': '8', 'away_fouls': '8', 'home_throw_ins': '19', 'away_throw_ins': '24', 'home_yellow_cards': '1', 'away_yellow_cards': '0', 'home_goalkeeper_saves': '2', 'away_goalkeeper_saves': '4', 'home_goalKicks': '11', 'away_goalKicks': '2'}
2024-10-28 20:35:03,318 - INFO - Extracting link: https://www.livescore.com/en/football/england/premier-league/aston-villa-vs-bournemouth/1250649/
2024-10-28 20:35:08,304 - INFO - Clicked the close button: info
2024-10-28 20:35:10,602 - INFO - Clicked the close button: statistics
2024-10-28 20:35:14,234 - INFO - Match data extracted: {'home_team': 'Aston Villa', 'away_team': 'Bournemouth', 'home_score': '1', 'away_score': '1', 'startTime': '26 Oct 2024', 'referee': 'Chris Kavanagh', 'ref_citizenship': 'England', 'stadium': 'Villa Park', 'spectators': None, 'home_shots_on_target': '8', 'away_shots_on_target': '3', 'home_shots_off_target': '5', 'away_shots_off_target': '4', 'home_shots_blocked': '5', 'away_shots_blocked': '3', 'home_possession': '57', 'away_possession': '43', 'home_corners': '9', 'away_corners': '7', 'home_offsides': '0', 'away_offsides': '5', 'home_fouls': '12', 'away_fouls': '14', 'home_throw_ins': '14', 'away_throw_ins': '7', 'home_yellow_cards': '7', 'away_yellow_cards': '6', 'home_goalkeeper_saves': '2', 'away_goalkeeper_saves': '7', 'home_goalKicks': '9', 'away_goalKicks': '10'}
2024-10-28 20:35:14,236 - INFO - Extracting link: https://www.livescore.com/en/football/england/premier-league/brentford-vs-ipswich-town/1250651/
2024-10-28 20:35:19,225 - INFO - Clicked the close button: info
2024-10-28 20:35:21,819 - INFO - Clicked the close button: statistics
2024-10-28 20:35:24,747 - INFO - Match data extracted: {'home_team': 'Brentford', 'away_team': 'Ipswich Town', 'home_score': '4', 'away_score': '3', 'startTime': '26 Oct 2024', 'referee': 'Lewis Smith', 'ref_citizenship': 'England', 'stadium': 'Gtech Community Stadium', 'spectators': '17,109', 'home_shots_on_target': '9', 'away_shots_on_target': '5', 'home_shots_off_target': '5', 'away_shots_off_target': '6', 'home_shots_blocked': '6', 'away_shots_blocked': '0', 'home_possession': '65', 'away_possession': '35', 'home_corners': '4', 'away_corners': '5', 'home_offsides': '2', 'away_offsides': '1', 'home_fouls': '7', 'away_fouls': '10', 'home_throw_ins': '25', 'away_throw_ins': '11', 'home_yellow_cards': '0', 'away_yellow_cards': '1', 'home_goalkeeper_saves': '2', 'away_goalkeeper_saves': '7', 'home_goalKicks': '8', 'away_goalKicks': '9'}
2024-10-28 20:35:24,747 - INFO - Extracting link: https://www.livescore.com/en/football/england/premier-league/brighton-vs-wolves/1250654/
2024-10-28 20:35:29,744 - INFO - Clicked the close button: info
2024-10-28 20:35:33,692 - INFO - Clicked the close button: statistics
2024-10-28 20:35:37,273 - INFO - Match data extracted: {'home_team': 'Brighton', 'away_team': 'Wolves', 'home_score': '2', 'away_score': '2', 'startTime': '26 Oct 2024', 'referee': 'Michael Oliver', 'ref_citizenship': 'England', 'stadium': 'The American Express Community Stadium', 'spectators': '31,840', 'home_shots_on_target': '6', 'away_shots_on_target': '7', 'home_shots_off_target': '5', 'away_shots_off_target': '2', 'home_shots_blocked': '8', 'away_shots_blocked': '5', 'home_possession': '51', 'away_possession': '49', 'home_corners': '9', 'away_corners': '6', 'home_offsides': '2', 'away_offsides': '1', 'home_fouls': '12', 'away_fouls': '10', 'home_throw_ins': '14', 'away_throw_ins': '15', 'home_yellow_cards': '3', 'away_yellow_cards': '3', 'home_goalkeeper_saves': '5', 'away_goalkeeper_saves': '4', 'home_goalKicks': '6', 'away_goalKicks': '9'}
2024-10-28 20:35:37,274 - INFO - Extracting link: https://www.livescore.com/en/football/england/premier-league/manchester-city-vs-southampton/1250656/
2024-10-28 20:35:42,222 - INFO - Clicked the close button: info
2024-10-28 20:35:45,839 - INFO - Clicked the close button: statistics
2024-10-28 20:35:49,163 - INFO - Match data extracted: {'home_team': 'Manchester City', 'away_team': 'Southampton', 'home_score': '1', 'away_score': '0', 'startTime': '26 Oct 2024', 'referee': 'Tony Harrington', 'ref_citizenship': 'England', 'stadium': 'Etihad Stadium', 'spectators': None, 'home_shots_on_target': '8', 'away_shots_on_target': '2', 'home_shots_off_target': '7', 'away_shots_off_target': '2', 'home_shots_blocked': '7', 'away_shots_blocked': '1', 'home_possession': '57', 'away_possession': '43', 'home_corners': '12', 'away_corners': '1', 'home_offsides': '1', 'away_offsides': '2', 'home_fouls': '9', 'away_fouls': '9', 'home_throw_ins': '12', 'away_throw_ins': '11', 'home_yellow_cards': '1', 'away_yellow_cards': '3', 'home_goalkeeper_saves': '2', 'away_goalkeeper_saves': '6', 'home_goalKicks': '3', 'away_goalKicks': '8'}
2024-10-28 20:35:49,164 - INFO - Extracting link: https://www.livescore.com/en/football/england/premier-league/leicester-city-vs-nottingham-forest/1250657/
2024-10-28 20:35:53,791 - INFO - Clicked the close button: info
2024-10-28 20:35:57,112 - INFO - Clicked the close button: statistics
2024-10-28 20:36:00,619 - INFO - Match data extracted: {'home_team': 'Leicester City', 'away_team': 'Nottingham Forest', 'home_score': '1', 'away_score': '3', 'startTime': '26 Oct 2024', 'referee': 'Craig Pawson', 'ref_citizenship': 'England', 'stadium': 'King Power Stadium', 'spectators': '31,879', 'home_shots_on_target': '1', 'away_shots_on_target': '5', 'home_shots_off_target': '7', 'away_shots_off_target': '9', 'home_shots_blocked': '3', 'away_shots_blocked': '6', 'home_possession': '64', 'away_possession': '36', 'home_corners': '6', 'away_corners': '7', 'home_offsides': '0', 'away_offsides': '1', 'home_fouls': '16', 'away_fouls': '9', 'home_throw_ins': '23', 'away_throw_ins': '10', 'home_yellow_cards': '5', 'away_yellow_cards': '3', 'home_goalkeeper_saves': '2', 'away_goalkeeper_saves': '0', 'home_goalKicks': '8', 'away_goalKicks': '12'}
2024-10-28 20:36:00,621 - INFO - Extracting link: https://www.livescore.com/en/football/england/premier-league/nottingham-forest-vs-crystal-palace/1250681/
2024-10-28 20:36:05,247 - INFO - Clicked the close button: info
2024-10-28 20:36:08,323 - INFO - Clicked the close button: statistics
2024-10-28 20:36:10,852 - INFO - Match data extracted: {'home_team': 'Nottingham Forest', 'away_team': 'Crystal Palace', 'home_score': '1', 'away_score': '0', 'startTime': '22 Oct 2024', 'referee': 'Tim Robinson', 'ref_citizenship': 'England', 'stadium': 'City Ground, Nottingham', 'spectators': '29,443', 'home_shots_on_target': '6', 'away_shots_on_target': '7', 'home_shots_off_target': '5', 'away_shots_off_target': '7', 'home_shots_blocked': '9', 'away_shots_blocked': '6', 'home_possession': '50', 'away_possession': '50', 'home_corners': '6', 'away_corners': '6', 'home_offsides': '2', 'away_offsides': '2', 'home_fouls': '9', 'away_fouls': '12', 'home_throw_ins': '21', 'away_throw_ins': '15', 'home_yellow_cards': '2', 'away_yellow_cards': '3', 'home_goalkeeper_saves': '7', 'away_goalkeeper_saves': '5', 'home_goalKicks': '9', 'away_goalKicks': '6'}
2024-10-28 20:36:10,853 - INFO - Extracting link: https://www.livescore.com/en/football/england/premier-league/liverpool-vs-chelsea/1250672/
2024-10-28 20:36:15,491 - INFO - Clicked the close button: info
2024-10-28 20:36:18,018 - INFO - Clicked the close button: statistics
2024-10-28 20:36:21,984 - INFO - Match data extracted: {'home_team': 'Liverpool', 'away_team': 'Chelsea', 'home_score': '2', 'away_score': '1', 'startTime': '20 Oct 2024', 'referee': 'John Brooks', 'ref_citizenship': 'England', 'stadium': 'Anfield', 'spectators': '60,277', 'home_shots_on_target': '5', 'away_shots_on_target': '2', 'home_shots_off_target': '2', 'away_shots_off_target': '5', 'home_shots_blocked': '1', 'away_shots_blocked': '4', 'home_possession': '43', 'away_possession': '57', 'home_corners': '1', 'away_corners': '5', 'home_offsides': '5', 'away_offsides': '0', 'home_fouls': '12', 'away_fouls': '13', 'home_throw_ins': '16', 'away_throw_ins': '14', 'home_yellow_cards': '4', 'away_yellow_cards': '3', 'home_goalkeeper_saves': '1', 'away_goalkeeper_saves': '3', 'home_goalKicks': '9', 'away_goalKicks': '4'}
2024-10-28 20:36:21,985 - INFO - Extracting link: https://www.livescore.com/en/football/england/premier-league/wolves-vs-manchester-city/1250676/
2024-10-28 20:36:26,621 - INFO - Clicked the close button: info
2024-10-28 20:36:30,092 - INFO - Clicked the close button: statistics
2024-10-28 20:36:34,439 - INFO - Match data extracted: {'home_team': 'Wolves', 'away_team': 'Manchester City', 'home_score': '1', 'away_score': '2', 'startTime': '20 Oct 2024', 'referee': 'Chris Kavanagh', 'ref_citizenship': 'England', 'stadium': 'Molineux Stadium', 'spectators': '31,319', 'home_shots_on_target': '2', 'away_shots_on_target': '7', 'home_shots_off_target': '1', 'away_shots_off_target': '7', 'home_shots_blocked': '0', 'away_shots_blocked': '8', 'home_possession': '22', 'away_possession': '78', 'home_corners': '1', 'away_corners': '18', 'home_offsides': '2', 'away_offsides': '1', 'home_fouls': '8', 'away_fouls': '5', 'home_throw_ins': '11', 'away_throw_ins': '20', 'home_yellow_cards': '4', 'away_yellow_cards': '1', 'home_goalkeeper_saves': '5', 'away_goalkeeper_saves': '1', 'home_goalKicks': '9', 'away_goalKicks': '3'}
2024-10-28 20:36:34,440 - INFO - Extracting link: https://www.livescore.com/en/football/england/premier-league/bournemouth-vs-arsenal/1250666/
2024-10-28 20:36:39,320 - INFO - Clicked the close button: info
2024-10-28 20:36:42,384 - INFO - Clicked the close button: statistics
2024-10-28 20:36:45,355 - INFO - Match data extracted: {'home_team': 'Bournemouth', 'away_team': 'Arsenal', 'home_score': '2', 'away_score': '0', 'startTime': '19 Oct 2024', 'referee': 'Robert Jones', 'ref_citizenship': 'England', 'stadium': 'Vitality Stadium', 'spectators': '11,235', 'home_shots_on_target': '4', 'away_shots_on_target': '1', 'home_shots_off_target': '4', 'away_shots_off_target': '4', 'home_shots_blocked': '5', 'away_shots_blocked': '1', 'home_possession': '49', 'away_possession': '51', 'home_corners': '7', 'away_corners': '4', 'home_offsides': '1', 'away_offsides': '1', 'home_fouls': '12', 'away_fouls': '11', 'home_throw_ins': '18', 'away_throw_ins': '12', 'home_yellow_cards': '1', 'away_yellow_cards': '1', 'home_goalkeeper_saves': '1', 'away_goalkeeper_saves': '2', 'home_goalKicks': '6', 'away_goalKicks': '7'}
2024-10-28 20:36:45,356 - INFO - Extracting link: https://www.livescore.com/en/football/england/premier-league/ipswich-town-vs-everton/1250670/
2024-10-28 20:36:50,573 - INFO - Clicked the close button: info
2024-10-28 20:36:53,569 - INFO - Clicked the close button: statistics
2024-10-28 20:36:56,372 - INFO - Match data extracted: {'home_team': 'Ipswich Town', 'away_team': 'Everton', 'home_score': '0', 'away_score': '2', 'startTime': '19 Oct 2024', 'referee': 'Michael Oliver', 'ref_citizenship': 'England', 'stadium': 'Portman Road', 'spectators': '29,862', 'home_shots_on_target': '2', 'away_shots_on_target': '8', 'home_shots_off_target': '8', 'away_shots_off_target': '3', 'home_shots_blocked': '3', 'away_shots_blocked': '0', 'home_possession': '55', 'away_possession': '45', 'home_corners': '5', 'away_corners': '7', 'home_offsides': '1', 'away_offsides': '0', 'home_fouls': '12', 'away_fouls': '10', 'home_throw_ins': '18', 'away_throw_ins': '15', 'home_yellow_cards': '1', 'away_yellow_cards': '1', 'home_goalkeeper_saves': '6', 'away_goalkeeper_saves': '2', 'home_goalKicks': '4', 'away_goalKicks': '9'}
2024-10-28 20:36:56,373 - INFO - Extracting link: https://www.livescore.com/en/football/england/premier-league/fulham-vs-aston-villa/1250674/
2024-10-28 20:37:01,034 - INFO - Clicked the close button: info
2024-10-28 20:37:05,090 - INFO - Clicked the close button: statistics
2024-10-28 20:37:08,494 - INFO - Match data extracted: {'home_team': 'Fulham', 'away_team': 'Aston Villa', 'home_score': '1', 'away_score': '3', 'startTime': '19 Oct 2024', 'referee': 'Darren England', 'ref_citizenship': 'England', 'stadium': 'Craven Cottage', 'spectators': '26,743', 'home_shots_on_target': '4', 'away_shots_on_target': '5', 'home_shots_off_target': '5', 'away_shots_off_target': '5', 'home_shots_blocked': '1', 'away_shots_blocked': '4', 'home_possession': '52', 'away_possession': '48', 'home_corners': '6', 'away_corners': '11', 'home_offsides': '2', 'away_offsides': '2', 'home_fouls': '8', 'away_fouls': '11', 'home_throw_ins': '14', 'away_throw_ins': '13', 'home_yellow_cards': '3', 'away_yellow_cards': '3', 'home_goalkeeper_saves': '4', 'away_goalkeeper_saves': '3', 'home_goalKicks': '8', 'away_goalKicks': '7'}
2024-10-28 20:37:08,495 - INFO - Extracting link: https://www.livescore.com/en/football/england/premier-league/manchester-united-vs-brentford/1250669/
2024-10-28 20:37:13,100 - INFO - Clicked the close button: info
2024-10-28 20:37:16,042 - INFO - Clicked the close button: statistics
2024-10-28 20:37:20,408 - INFO - Match data extracted: {'home_team': 'Manchester United', 'away_team': 'Brentford', 'home_score': '2', 'away_score': '1', 'startTime': '19 Oct 2024', 'referee': 'Samuel Barrott', 'ref_citizenship': 'England', 'stadium': 'Old Trafford', 'spectators': '73,738', 'home_shots_on_target': '11', 'away_shots_on_target': '2', 'home_shots_off_target': '6', 'away_shots_off_target': '4', 'home_shots_blocked': '6', 'away_shots_blocked': '2', 'home_possession': '50', 'away_possession': '50', 'home_corners': '9', 'away_corners': '2', 'home_offsides': '1', 'away_offsides': '3', 'home_fouls': '4', 'away_fouls': '5', 'home_throw_ins': '18', 'away_throw_ins': '16', 'home_yellow_cards': '2', 'away_yellow_cards': '2', 'home_goalkeeper_saves': '1', 'away_goalkeeper_saves': '9', 'home_goalKicks': '7', 'away_goalKicks': '8'}
2024-10-28 20:37:20,409 - INFO - Extracting link: https://www.livescore.com/en/football/england/premier-league/newcastle-united-vs-brighton/1250673/
2024-10-28 20:37:25,051 - INFO - Clicked the close button: info
2024-10-28 20:37:28,235 - INFO - Clicked the close button: statistics
2024-10-28 20:37:31,107 - INFO - Match data extracted: {'home_team': 'Newcastle United', 'away_team': 'Brighton', 'home_score': '0', 'away_score': '1', 'startTime': '19 Oct 2024', 'referee': 'Peter Bankes', 'ref_citizenship': 'England', 'stadium': "St James' Park", 'spectators': '52,220', 'home_shots_on_target': '6', 'away_shots_on_target': '5', 'home_shots_off_target': '6', 'away_shots_off_target': '3', 'home_shots_blocked': '9', 'away_shots_blocked': '2', 'home_possession': '60', 'away_possession': '40', 'home_corners': '9', 'away_corners': '4', 'home_offsides': '3', 'away_offsides': '0', 'home_fouls': '11', 'away_fouls': '9', 'home_throw_ins': '20', 'away_throw_ins': '14', 'home_yellow_cards': '2', 'away_yellow_cards': '2', 'home_goalkeeper_saves': '4', 'away_goalkeeper_saves': '6', 'home_goalKicks': '7', 'away_goalKicks': '8'}
2024-10-28 20:37:31,108 - INFO - Extracting link: https://www.livescore.com/en/football/england/premier-league/southampton-vs-leicester-city/1250679/
2024-10-28 20:37:35,742 - INFO - Clicked the close button: info
2024-10-28 20:37:38,993 - INFO - Clicked the close button: statistics
2024-10-28 20:37:42,618 - INFO - Match data extracted: {'home_team': 'Southampton', 'away_team': 'Leicester City', 'home_score': '2', 'away_score': '3', 'startTime': '19 Oct 2024', 'referee': 'Anthony Taylor', 'ref_citizenship': 'England', 'stadium': "St. Mary'S Stadium", 'spectators': '31,145', 'home_shots_on_target': '7', 'away_shots_on_target': '4', 'home_shots_off_target': '5', 'away_shots_off_target': '10', 'home_shots_blocked': '2', 'away_shots_blocked': '4', 'home_possession': '42', 'away_possession': '58', 'home_corners': '10', 'away_corners': '6', 'home_offsides': '1', 'away_offsides': '2', 'home_fouls': '10', 'away_fouls': '10', 'home_throw_ins': '16', 'away_throw_ins': '17', 'home_yellow_cards': '5', 'away_yellow_cards': '3', 'home_goalkeeper_saves': '1', 'away_goalkeeper_saves': '6', 'home_goalKicks': '11', 'away_goalKicks': '7'}
2024-10-28 20:37:42,619 - INFO - Extracting link: https://www.livescore.com/en/football/england/premier-league/tottenham-hotspur-vs-west-ham-united/1250683/
2024-10-28 20:37:47,256 - INFO - Clicked the close button: info
2024-10-28 20:37:51,248 - INFO - Clicked the close button: statistics
2024-10-28 20:37:54,837 - INFO - Match data extracted: {'home_team': 'Tottenham Hotspur', 'away_team': 'West Ham United', 'home_score': '4', 'away_score': '1', 'startTime': '19 Oct 2024', 'referee': 'Andrew Madley', 'ref_citizenship': 'England', 'stadium': 'Tottenham Hotspur Stadium', 'spectators': '61,381', 'home_shots_on_target': '7', 'away_shots_on_target': '4', 'home_shots_off_target': '9', 'away_shots_off_target': '4', 'home_shots_blocked': '6', 'away_shots_blocked': '3', 'home_possession': '57', 'away_possession': '43', 'home_corners': '13', 'away_corners': '5', 'home_offsides': '2', 'away_offsides': '1', 'home_fouls': '10', 'away_fouls': '15', 'home_throw_ins': '18', 'away_throw_ins': '17', 'home_yellow_cards': '1', 'away_yellow_cards': '3', 'home_goalkeeper_saves': '2', 'away_goalkeeper_saves': '4', 'home_goalKicks': '7', 'away_goalKicks': '11'}
2024-10-28 20:37:54,838 - INFO - Extracting link: https://www.livescore.com/en/football/england/premier-league/brighton-vs-tottenham-hotspur/1250640/
2024-10-28 20:37:59,500 - INFO - Clicked the close button: info
2024-10-28 20:38:03,529 - INFO - Clicked the close button: statistics
2024-10-28 20:38:06,258 - INFO - Match data extracted: {'home_team': 'Brighton', 'away_team': 'Tottenham Hotspur', 'home_score': '3', 'away_score': '2', 'startTime': '6 Oct 2024', 'referee': 'David Coote', 'ref_citizenship': 'England', 'stadium': 'The American Express Community Stadium', 'spectators': '31,487', 'home_shots_on_target': '4', 'away_shots_on_target': '3', 'home_shots_off_target': '5', 'away_shots_off_target': '7', 'home_shots_blocked': '2', 'away_shots_blocked': '3', 'home_possession': '41', 'away_possession': '59', 'home_corners': '4', 'away_corners': '7', 'home_offsides': '2', 'away_offsides': '2', 'home_fouls': '14', 'away_fouls': '10', 'home_throw_ins': '12', 'away_throw_ins': '17', 'home_yellow_cards': '2', 'away_yellow_cards': '2', 'home_goalkeeper_saves': '1', 'away_goalkeeper_saves': '1', 'home_goalKicks': '9', 'away_goalKicks': '6'}
2024-10-28 20:38:06,259 - INFO - Extracting link: https://www.livescore.com/en/football/england/premier-league/aston-villa-vs-manchester-united/1250641/
2024-10-28 20:38:10,896 - INFO - Clicked the close button: info
2024-10-28 20:38:13,936 - INFO - Clicked the close button: statistics
2024-10-28 20:38:17,519 - INFO - Match data extracted: {'home_team': 'Aston Villa', 'away_team': 'Manchester United', 'home_score': '0', 'away_score': '0', 'startTime': '6 Oct 2024', 'referee': 'Robert Jones', 'ref_citizenship': 'England', 'stadium': 'Villa Park', 'spectators': '42,682', 'home_shots_on_target': '1', 'away_shots_on_target': '4', 'home_shots_off_target': '7', 'away_shots_off_target': '4', 'home_shots_blocked': '3', 'away_shots_blocked': '2', 'home_possession': '54', 'away_possession': '47', 'home_corners': '6', 'away_corners': '3', 'home_offsides': '0', 'away_offsides': '1', 'home_fouls': '12', 'away_fouls': '11', 'home_throw_ins': '15', 'away_throw_ins': '14', 'home_yellow_cards': '1', 'away_yellow_cards': '5', 'home_goalkeeper_saves': '4', 'away_goalkeeper_saves': '1', 'home_goalKicks': '5', 'away_goalKicks': '11'}
2024-10-28 20:38:17,520 - INFO - Extracting link: https://www.livescore.com/en/football/england/premier-league/chelsea-vs-nottingham-forest/1250633/
2024-10-28 20:38:22,341 - INFO - Clicked the close button: info
2024-10-28 20:38:25,526 - INFO - Clicked the close button: statistics
2024-10-28 20:38:29,108 - INFO - Match data extracted: {'home_team': 'Chelsea', 'away_team': 'Nottingham Forest', 'home_score': '1', 'away_score': '1', 'startTime': '6 Oct 2024', 'referee': 'Chris Kavanagh', 'ref_citizenship': 'England', 'stadium': 'Stamford Bridge', 'spectators': '39,501', 'home_shots_on_target': '8', 'away_shots_on_target': '9', 'home_shots_off_target': '9', 'away_shots_off_target': '1', 'home_shots_blocked': '5', 'away_shots_blocked': '6', 'home_possession': '66', 'away_possession': '34', 'home_corners': '11', 'away_corners': '3', 'home_offsides': '1', 'away_offsides': '3', 'home_fouls': '12', 'away_fouls': '11', 'home_throw_ins': '12', 'away_throw_ins': '14', 'home_yellow_cards': '6', 'away_yellow_cards': '2', 'home_goalkeeper_saves': '8', 'away_goalkeeper_saves': '7', 'home_goalKicks': '3', 'away_goalKicks': '14'}
2024-10-28 20:38:29,109 - INFO - Extracting link: https://www.livescore.com/en/football/england/premier-league/everton-vs-newcastle-united/1250638/
2024-10-28 20:38:33,741 - INFO - Clicked the close button: info
2024-10-28 20:38:35,971 - INFO - Clicked the close button: statistics
2024-10-28 20:38:39,440 - INFO - Match data extracted: {'home_team': 'Everton', 'away_team': 'Newcastle United', 'home_score': '0', 'away_score': '0', 'startTime': '5 Oct 2024', 'referee': 'Craig Pawson', 'ref_citizenship': 'England', 'stadium': 'Goodison Park', 'spectators': '39,265', 'home_shots_on_target': '2', 'away_shots_on_target': '3', 'home_shots_off_target': '5', 'away_shots_off_target': '8', 'home_shots_blocked': '1', 'away_shots_blocked': '3', 'home_possession': '32', 'away_possession': '68', 'home_corners': '0', 'away_corners': '10', 'home_offsides': '2', 'away_offsides': '3', 'home_fouls': '12', 'away_fouls': '8', 'home_throw_ins': '14', 'away_throw_ins': '16', 'home_yellow_cards': '1', 'away_yellow_cards': '2', 'home_goalkeeper_saves': '3', 'away_goalkeeper_saves': '2', 'home_goalKicks': '9', 'away_goalKicks': '7'}
2024-10-28 20:38:39,441 - INFO - Extracting link: https://www.livescore.com/en/football/england/premier-league/arsenal-vs-southampton/1250632/
2024-10-28 20:38:44,084 - INFO - Clicked the close button: info
2024-10-28 20:38:47,149 - INFO - Clicked the close button: statistics
2024-10-28 20:38:50,625 - INFO - Match data extracted: {'home_team': 'Arsenal', 'away_team': 'Southampton', 'home_score': '3', 'away_score': '1', 'startTime': '5 Oct 2024', 'referee': 'Tony Harrington', 'ref_citizenship': 'England', 'stadium': 'Emirates Stadium', 'spectators': '60,307', 'home_shots_on_target': '6', 'away_shots_on_target': '2', 'home_shots_off_target': '13', 'away_shots_off_target': '1', 'home_shots_blocked': '10', 'away_shots_blocked': '5', 'home_possession': '59', 'away_possession': '41', 'home_corners': '13', 'away_corners': '1', 'home_offsides': '1', 'away_offsides': '0', 'home_fouls': '10', 'away_fouls': '9', 'home_throw_ins': '18', 'away_throw_ins': '7', 'home_yellow_cards': '0', 'away_yellow_cards': '3', 'home_goalkeeper_saves': '1', 'away_goalkeeper_saves': '3', 'home_goalKicks': '1', 'away_goalKicks': '17'}
2024-10-28 20:38:50,626 - INFO - Extracting link: https://www.livescore.com/en/football/england/premier-league/brentford-vs-wolves/1250630/
2024-10-28 20:38:55,291 - INFO - Clicked the close button: info
2024-10-28 20:38:57,857 - INFO - Clicked the close button: statistics
2024-10-28 20:39:00,812 - INFO - Match data extracted: {'home_team': 'Brentford', 'away_team': 'Wolves', 'home_score': '5', 'away_score': '3', 'startTime': '5 Oct 2024', 'referee': 'Andrew Madley', 'ref_citizenship': 'England', 'stadium': 'Gtech Community Stadium', 'spectators': '16,960', 'home_shots_on_target': '12', 'away_shots_on_target': '6', 'home_shots_off_target': '4', 'away_shots_off_target': '7', 'home_shots_blocked': '3', 'away_shots_blocked': '4', 'home_possession': '44', 'away_possession': '56', 'home_corners': '10', 'away_corners': '3', 'home_offsides': '5', 'away_offsides': '1', 'home_fouls': '9', 'away_fouls': '10', 'home_throw_ins': '11', 'away_throw_ins': '12', 'home_yellow_cards': '2', 'away_yellow_cards': '3', 'home_goalkeeper_saves': '3', 'away_goalkeeper_saves': '7', 'home_goalKicks': '10', 'away_goalKicks': '10'}
2024-10-28 20:39:00,813 - INFO - Extracting link: https://www.livescore.com/en/football/england/premier-league/leicester-city-vs-bournemouth/1250634/
2024-10-28 20:39:05,470 - INFO - Clicked the close button: info
2024-10-28 20:39:09,369 - INFO - Clicked the close button: statistics
2024-10-28 20:39:12,413 - INFO - Match data extracted: {'home_team': 'Leicester City', 'away_team': 'Bournemouth', 'home_score': '1', 'away_score': '0', 'startTime': '5 Oct 2024', 'referee': 'Darren Bond', 'ref_citizenship': 'England', 'stadium': 'King Power Stadium', 'spectators': '31,706', 'home_shots_on_target': '2', 'away_shots_on_target': '2', 'home_shots_off_target': '3', 'away_shots_off_target': '11', 'home_shots_blocked': '1', 'away_shots_blocked': '6', 'home_possession': '44', 'away_possession': '56', 'home_corners': '0', 'away_corners': '9', 'home_offsides': '2', 'away_offsides': '1', 'home_fouls': '12', 'away_fouls': '14', 'home_throw_ins': '26', 'away_throw_ins': '17', 'home_yellow_cards': '4', 'away_yellow_cards': '1', 'home_goalkeeper_saves': '2', 'away_goalkeeper_saves': '1', 'home_goalKicks': '14', 'away_goalKicks': '8'}
2024-10-28 20:39:12,414 - INFO - Extracting link: https://www.livescore.com/en/football/england/premier-league/manchester-city-vs-fulham/1250637/
2024-10-28 20:39:17,053 - INFO - Clicked the close button: info
2024-10-28 20:39:19,964 - INFO - Clicked the close button: statistics
2024-10-28 20:39:23,638 - INFO - Match data extracted: {'home_team': 'Manchester City', 'away_team': 'Fulham', 'home_score': '3', 'away_score': '2', 'startTime': '5 Oct 2024', 'referee': 'Peter Bankes', 'ref_citizenship': 'England', 'stadium': 'Etihad Stadium', 'spectators': '55,017', 'home_shots_on_target': '7', 'away_shots_on_target': '4', 'home_shots_off_target': '5', 'away_shots_off_target': '3', 'home_shots_blocked': '8', 'away_shots_blocked': '4', 'home_possession': '58', 'away_possession': '42', 'home_corners': '8', 'away_corners': '3', 'home_offsides': '0', 'away_offsides': '3', 'home_fouls': '4', 'away_fouls': '10', 'home_throw_ins': '10', 'away_throw_ins': '12', 'home_yellow_cards': '2', 'away_yellow_cards': '1', 'home_goalkeeper_saves': '2', 'away_goalkeeper_saves': '4', 'home_goalKicks': '1', 'away_goalKicks': '8'}
2024-10-28 20:39:23,638 - INFO - Extracting link: https://www.livescore.com/en/football/england/premier-league/west-ham-united-vs-ipswich-town/1250643/
2024-10-28 20:39:28,293 - INFO - Clicked the close button: info
2024-10-28 20:39:31,396 - INFO - Clicked the close button: statistics
2024-10-28 20:39:35,646 - INFO - Match data extracted: {'home_team': 'West Ham United', 'away_team': 'Ipswich Town', 'home_score': '4', 'away_score': '1', 'startTime': '5 Oct 2024', 'referee': 'Anthony Taylor', 'ref_citizenship': 'England', 'stadium': 'London Stadium', 'spectators': '62,467', 'home_shots_on_target': '13', 'away_shots_on_target': '2', 'home_shots_off_target': '6', 'away_shots_off_target': '4', 'home_shots_blocked': '4', 'away_shots_blocked': '3', 'home_possession': '53', 'away_possession': '47', 'home_corners': '5', 'away_corners': '5', 'home_offsides': '3', 'away_offsides': '1', 'home_fouls': '12', 'away_fouls': '6', 'home_throw_ins': '13', 'away_throw_ins': '24', 'home_yellow_cards': '0', 'away_yellow_cards': '1', 'home_goalkeeper_saves': '2', 'away_goalkeeper_saves': '8', 'home_goalKicks': '7', 'away_goalKicks': '5'}
2024-10-28 20:39:35,647 - INFO - Extracting link: https://www.livescore.com/en/football/england/premier-league/crystal-palace-vs-liverpool/1250635/
2024-10-28 20:39:40,308 - INFO - Clicked the close button: info
2024-10-28 20:39:44,230 - INFO - Clicked the close button: statistics
2024-10-28 20:39:47,726 - INFO - Match data extracted: {'home_team': 'Crystal Palace', 'away_team': 'Liverpool', 'home_score': '0', 'away_score': '1', 'startTime': '5 Oct 2024', 'referee': 'Simon Hooper', 'ref_citizenship': 'England', 'stadium': 'Selhurst Park', 'spectators': '25,185', 'home_shots_on_target': '5', 'away_shots_on_target': '4', 'home_shots_off_target': '4', 'away_shots_off_target': '7', 'home_shots_blocked': '0', 'away_shots_blocked': '5', 'home_possession': '32', 'away_possession': '68', 'home_corners': '3', 'away_corners': '8', 'home_offsides': '1', 'away_offsides': '0', 'home_fouls': '7', 'away_fouls': '15', 'home_throw_ins': '10', 'away_throw_ins': '22', 'home_yellow_cards': '4', 'away_yellow_cards': '2', 'home_goalkeeper_saves': '3', 'away_goalkeeper_saves': '5', 'home_goalKicks': '10', 'away_goalKicks': '7'}
2024-10-28 20:39:47,727 - INFO - Extracting link: https://www.livescore.com/en/football/england/premier-league/bournemouth-vs-southampton/1250615/
2024-10-28 20:39:52,957 - INFO - Clicked the close button: info
2024-10-28 20:39:56,876 - INFO - Clicked the close button: statistics
2024-10-28 20:40:00,932 - INFO - Match data extracted: {'home_team': 'Bournemouth', 'away_team': 'Southampton', 'home_score': '3', 'away_score': '1', 'startTime': '1 Oct 2024', 'referee': 'Michael Oliver', 'ref_citizenship': 'England', 'stadium': 'Vitality Stadium', 'spectators': '11,243', 'home_shots_on_target': '6', 'away_shots_on_target': '3', 'home_shots_off_target': '2', 'away_shots_off_target': '3', 'home_shots_blocked': '6', 'away_shots_blocked': '3', 'home_possession': '40', 'away_possession': '60', 'home_corners': '6', 'away_corners': '4', 'home_offsides': '1', 'away_offsides': '1', 'home_fouls': '19', 'away_fouls': '12', 'home_throw_ins': '19', 'away_throw_ins': '23', 'home_yellow_cards': '2', 'away_yellow_cards': '5', 'home_goalkeeper_saves': '2', 'away_goalkeeper_saves': '3', 'home_goalKicks': '4', 'away_goalKicks': '6'}
2024-10-28 20:40:00,933 - INFO - Extracting link: https://www.livescore.com/en/football/england/premier-league/manchester-united-vs-tottenham-hotspur/1250623/
2024-10-28 20:40:05,572 - INFO - Clicked the close button: info
2024-10-28 20:40:09,262 - INFO - Clicked the close button: statistics
2024-10-28 20:40:12,295 - INFO - Match data extracted: {'home_team': 'Manchester United', 'away_team': 'Tottenham Hotspur', 'home_score': '0', 'away_score': '3', 'startTime': '29 Sep 2024', 'referee': 'Chris Kavanagh', 'ref_citizenship': 'England', 'stadium': 'Old Trafford', 'spectators': '73,587', 'home_shots_on_target': '2', 'away_shots_on_target': '10', 'home_shots_off_target': '5', 'away_shots_off_target': '7', 'home_shots_blocked': '4', 'away_shots_blocked': '7', 'home_possession': '39', 'away_possession': '61', 'home_corners': '5', 'away_corners': '3', 'home_offsides': '2', 'away_offsides': '1', 'home_fouls': '16', 'away_fouls': '14', 'home_throw_ins': '9', 'away_throw_ins': '16', 'home_yellow_cards': '5', 'away_yellow_cards': '3', 'home_goalkeeper_saves': '7', 'away_goalkeeper_saves': '2', 'home_goalKicks': '10', 'away_goalKicks': '9'}
2024-10-28 20:40:12,296 - INFO - Extracting link: https://www.livescore.com/en/football/england/premier-league/ipswich-town-vs-aston-villa/1250616/
2024-10-28 20:40:16,941 - INFO - Clicked the close button: info
2024-10-28 20:40:20,505 - INFO - Clicked the close button: statistics
2024-10-28 20:40:24,745 - INFO - Match data extracted: {'home_team': 'Ipswich Town', 'away_team': 'Aston Villa', 'home_score': '2', 'away_score': '2', 'startTime': '29 Sep 2024', 'referee': 'Stuart Attwell', 'ref_citizenship': 'England', 'stadium': 'Portman Road', 'spectators': '29,943', 'home_shots_on_target': '5', 'away_shots_on_target': '3', 'home_shots_off_target': '6', 'away_shots_off_target': '4', 'home_shots_blocked': '4', 'away_shots_blocked': '0', 'home_possession': '44', 'away_possession': '56', 'home_corners': '10', 'away_corners': '0', 'home_offsides': '2', 'away_offsides': '1', 'home_fouls': '10', 'away_fouls': '14', 'home_throw_ins': '12', 'away_throw_ins': '12', 'home_yellow_cards': '4', 'away_yellow_cards': '1', 'home_goalkeeper_saves': '1', 'away_goalkeeper_saves': '3', 'home_goalKicks': '5', 'away_goalKicks': '10'}
2024-10-28 20:40:24,746 - INFO - Extracting link: https://www.livescore.com/en/football/england/premier-league/wolves-vs-liverpool/1250626/
2024-10-28 20:40:29,392 - INFO - Clicked the close button: info
2024-10-28 20:40:33,276 - INFO - Clicked the close button: statistics
2024-10-28 20:40:37,668 - INFO - Match data extracted: {'home_team': 'Wolves', 'away_team': 'Liverpool', 'home_score': '1', 'away_score': '2', 'startTime': '28 Sep 2024', 'referee': 'Anthony Taylor', 'ref_citizenship': 'England', 'stadium': 'Molineux Stadium', 'spectators': '31,413', 'home_shots_on_target': '3', 'away_shots_on_target': '6', 'home_shots_off_target': '3', 'away_shots_off_target': '3', 'home_shots_blocked': '2', 'away_shots_blocked': '1', 'home_possession': '45', 'away_possession': '55', 'home_corners': '2', 'away_corners': '10', 'home_offsides': '1', 'away_offsides': '2', 'home_fouls': '16', 'away_fouls': '8', 'home_throw_ins': '15', 'away_throw_ins': '14', 'home_yellow_cards': '2', 'away_yellow_cards': '3', 'home_goalkeeper_saves': '4', 'away_goalkeeper_saves': '2', 'home_goalKicks': '7', 'away_goalKicks': '5'}
2024-10-28 20:40:37,669 - INFO - Extracting link: https://www.livescore.com/en/football/england/premier-league/arsenal-vs-leicester-city/1250619/
2024-10-28 20:40:42,356 - INFO - Clicked the close button: info
2024-10-28 20:40:45,810 - INFO - Clicked the close button: statistics
2024-10-28 20:40:50,107 - INFO - Match data extracted: {'home_team': 'Arsenal', 'away_team': 'Leicester City', 'home_score': '4', 'away_score': '2', 'startTime': '28 Sep 2024', 'referee': 'Samuel Barrott', 'ref_citizenship': 'England', 'stadium': 'Emirates Stadium', 'spectators': '60,323', 'home_shots_on_target': '16', 'away_shots_on_target': '3', 'home_shots_off_target': '10', 'away_shots_off_target': '1', 'home_shots_blocked': '10', 'away_shots_blocked': '1', 'home_possession': '75', 'away_possession': '26', 'home_corners': '17', 'away_corners': '0', 'home_offsides': '0', 'away_offsides': '1', 'home_fouls': '11', 'away_fouls': '6', 'home_throw_ins': '19', 'away_throw_ins': '16', 'home_yellow_cards': '2', 'away_yellow_cards': '4', 'home_goalkeeper_saves': '1', 'away_goalkeeper_saves': '13', 'home_goalKicks': '3', 'away_goalKicks': '10'}
2024-10-28 20:40:50,107 - INFO - Extracting link: https://www.livescore.com/en/football/england/premier-league/brentford-vs-west-ham-united/1250614/
2024-10-28 20:40:54,741 - INFO - Clicked the close button: info
2024-10-28 20:40:57,071 - INFO - Clicked the close button: statistics
2024-10-28 20:40:59,540 - INFO - Match data extracted: {'home_team': 'Brentford', 'away_team': 'West Ham United', 'home_score': '1', 'away_score': '1', 'startTime': '28 Sep 2024', 'referee': 'Simon Hooper', 'ref_citizenship': 'England', 'stadium': 'Gtech Community Stadium', 'spectators': '17,050', 'home_shots_on_target': '3', 'away_shots_on_target': '3', 'home_shots_off_target': '2', 'away_shots_off_target': '10', 'home_shots_blocked': '3', 'away_shots_blocked': '6', 'home_possession': '57', 'away_possession': '43', 'home_corners': '7', 'away_corners': '6', 'home_offsides': '1', 'away_offsides': '2', 'home_fouls': '2', 'away_fouls': '11', 'home_throw_ins': '18', 'away_throw_ins': '18', 'home_yellow_cards': '2', 'away_yellow_cards': '3', 'home_goalkeeper_saves': '2', 'away_goalkeeper_saves': '2', 'home_goalKicks': '13', 'away_goalKicks': '6'}
2024-10-28 20:40:59,541 - INFO - Extracting link: https://www.livescore.com/en/football/england/premier-league/chelsea-vs-brighton/1250617/
2024-10-28 20:41:04,181 - INFO - Clicked the close button: info
2024-10-28 20:41:07,314 - INFO - Clicked the close button: statistics
2024-10-28 20:41:10,800 - INFO - Match data extracted: {'home_team': 'Chelsea', 'away_team': 'Brighton', 'home_score': '4', 'away_score': '2', 'startTime': '28 Sep 2024', 'referee': 'Peter Bankes', 'ref_citizenship': 'England', 'stadium': 'Stamford Bridge', 'spectators': '39,495', 'home_shots_on_target': '7', 'away_shots_on_target': '5', 'home_shots_off_target': '5', 'away_shots_off_target': '5', 'home_shots_blocked': '3', 'away_shots_blocked': '5', 'home_possession': '41', 'away_possession': '59', 'home_corners': '8', 'away_corners': '2', 'home_offsides': '6', 'away_offsides': '2', 'home_fouls': '11', 'away_fouls': '8', 'home_throw_ins': '11', 'away_throw_ins': '21', 'home_yellow_cards': '3', 'away_yellow_cards': '2', 'home_goalkeeper_saves': '4', 'away_goalkeeper_saves': '2', 'home_goalKicks': '8', 'away_goalKicks': '7'}
2024-10-28 20:41:10,801 - INFO - Extracting link: https://www.livescore.com/en/football/england/premier-league/everton-vs-crystal-palace/1250628/
2024-10-28 20:41:15,455 - INFO - Clicked the close button: info
2024-10-28 20:41:18,018 - INFO - Clicked the close button: statistics
2024-10-28 20:41:20,740 - INFO - Match data extracted: {'home_team': 'Everton', 'away_team': 'Crystal Palace', 'home_score': '2', 'away_score': '1', 'startTime': '28 Sep 2024', 'referee': 'Andrew Madley', 'ref_citizenship': 'England', 'stadium': 'Goodison Park', 'spectators': '38,954', 'home_shots_on_target': '2', 'away_shots_on_target': '5', 'home_shots_off_target': '4', 'away_shots_off_target': '5', 'home_shots_blocked': '2', 'away_shots_blocked': '7', 'home_possession': '40', 'away_possession': '60', 'home_corners': '5', 'away_corners': '8', 'home_offsides': '2', 'away_offsides': '0', 'home_fouls': '13', 'away_fouls': '11', 'home_throw_ins': '22', 'away_throw_ins': '21', 'home_yellow_cards': '2', 'away_yellow_cards': '0', 'home_goalkeeper_saves': '3', 'away_goalkeeper_saves': '0', 'home_goalKicks': '8', 'away_goalKicks': '4'}
2024-10-28 20:41:20,741 - INFO - Extracting link: https://www.livescore.com/en/football/england/premier-league/nottingham-forest-vs-fulham/1250618/
2024-10-28 20:41:25,390 - INFO - Clicked the close button: info
2024-10-28 20:41:28,502 - INFO - Clicked the close button: statistics
2024-10-28 20:41:31,680 - INFO - Match data extracted: {'home_team': 'Nottingham Forest', 'away_team': 'Fulham', 'home_score': '0', 'away_score': '1', 'startTime': '28 Sep 2024', 'referee': 'Josh Smith', 'ref_citizenship': 'England', 'stadium': 'City Ground, Nottingham', 'spectators': '30,139', 'home_shots_on_target': '1', 'away_shots_on_target': '2', 'home_shots_off_target': '5', 'away_shots_off_target': '5', 'home_shots_blocked': '5', 'away_shots_blocked': '7', 'home_possession': '41', 'away_possession': '59', 'home_corners': '6', 'away_corners': '5', 'home_offsides': '7', 'away_offsides': '1', 'home_fouls': '11', 'away_fouls': '15', 'home_throw_ins': '13', 'away_throw_ins': '10', 'home_yellow_cards': '2', 'away_yellow_cards': '4', 'home_goalkeeper_saves': '1', 'away_goalkeeper_saves': '1', 'home_goalKicks': '5', 'away_goalKicks': '6'}
2024-10-28 20:41:31,682 - INFO - Extracting link: https://www.livescore.com/en/football/england/premier-league/newcastle-united-vs-manchester-city/1250620/
2024-10-28 20:41:36,319 - INFO - Clicked the close button: info
2024-10-28 20:41:38,561 - INFO - Clicked the close button: statistics
2024-10-28 20:41:41,500 - INFO - Match data extracted: {'home_team': 'Newcastle United', 'away_team': 'Manchester City', 'home_score': '1', 'away_score': '1', 'startTime': '28 Sep 2024', 'referee': 'Jarred Gillett', 'ref_citizenship': 'Australia', 'stadium': "St James' Park", 'spectators': '52,248', 'home_shots_on_target': '4', 'away_shots_on_target': '6', 'home_shots_off_target': '3', 'away_shots_off_target': '4', 'home_shots_blocked': '4', 'away_shots_blocked': '6', 'home_possession': '38', 'away_possession': '62', 'home_corners': '5', 'away_corners': '6', 'home_offsides': '1', 'away_offsides': '0', 'home_fouls': '14', 'away_fouls': '10', 'home_throw_ins': '14', 'away_throw_ins': '14', 'home_yellow_cards': '4', 'away_yellow_cards': '4', 'home_goalkeeper_saves': '5', 'away_goalkeeper_saves': '3', 'home_goalKicks': '8', 'away_goalKicks': '5'}
2024-10-28 20:41:41,501 - INFO - Extracting link: https://www.livescore.com/en/football/england/premier-league/manchester-city-vs-arsenal/1250642/
2024-10-28 20:41:46,143 - INFO - Clicked the close button: info
2024-10-28 20:41:49,909 - INFO - Clicked the close button: statistics
2024-10-28 20:42:19,979 - INFO - Clicked the close button: info
2024-10-28 20:42:22,854 - INFO - Clicked the close button: statistics
2024-10-28 20:42:25,966 - INFO - Match data extracted: {'home_team': 'Aston Villa', 'away_team': 'Wolves', 'home_score': '3', 'away_score': '1', 'startTime': '21 Sep 2024', 'referee': 'Tim Robinson', 'ref_citizenship': 'England', 'stadium': 'Villa Park', 'spectators': '39,978', 'home_shots_on_target': '4', 'away_shots_on_target': '4', 'home_shots_off_target': '2', 'away_shots_off_target': '1', 'home_shots_blocked': '3', 'away_shots_blocked': '5', 'home_possession': '53', 'away_possession': '47', 'home_corners': '6', 'away_corners': '5', 'home_offsides': '1', 'away_offsides': '5', 'home_fouls': '11', 'away_fouls': '16', 'home_throw_ins': '11', 'away_throw_ins': '12', 'home_yellow_cards': '3', 'away_yellow_cards': '6', 'home_goalkeeper_saves': '3', 'away_goalkeeper_saves': '0', 'home_goalKicks': '1', 'away_goalKicks': '7'}
2024-10-28 20:42:25,967 - INFO - Extracting link: https://www.livescore.com/en/football/england/premier-league/fulham-vs-newcastle-united/1250624/
2024-10-28 20:42:30,611 - INFO - Clicked the close button: info
2024-10-28 20:42:34,078 - INFO - Clicked the close button: statistics
2024-10-28 20:42:38,176 - INFO - Match data extracted: {'home_team': 'Fulham', 'away_team': 'Newcastle United', 'home_score': '3', 'away_score': '1', 'startTime': '21 Sep 2024', 'referee': 'Peter Bankes', 'ref_citizenship': 'England', 'stadium': 'Craven Cottage', 'spectators': '25,700', 'home_shots_on_target': '11', 'away_shots_on_target': '5', 'home_shots_off_target': '9', 'away_shots_off_target': '8', 'home_shots_blocked': '2', 'away_shots_blocked': '3', 'home_possession': '39', 'away_possession': '61', 'home_corners': '6', 'away_corners': '0', 'home_offsides': '1', 'away_offsides': '6', 'home_fouls': '16', 'away_fouls': '8', 'home_throw_ins': '14', 'away_throw_ins': '19', 'home_yellow_cards': '6', 'away_yellow_cards': '0', 'home_goalkeeper_saves': '4', 'away_goalkeeper_saves': '8', 'home_goalKicks': '12', 'away_goalKicks': '11'}
2024-10-28 20:42:38,176 - INFO - Extracting link: https://www.livescore.com/en/football/england/premier-league/leicester-city-vs-everton/1250625/
2024-10-28 20:42:42,845 - INFO - Clicked the close button: info
2024-10-28 20:42:46,981 - INFO - Clicked the close button: statistics
2024-10-28 20:42:49,685 - INFO - Match data extracted: {'home_team': 'Leicester City', 'away_team': 'Everton', 'home_score': '1', 'away_score': '1', 'startTime': '21 Sep 2024', 'referee': 'Darren England', 'ref_citizenship': 'England', 'stadium': 'King Power Stadium', 'spectators': '31,765', 'home_shots_on_target': '2', 'away_shots_on_target': '5', 'home_shots_off_target': '7', 'away_shots_off_target': '6', 'home_shots_blocked': '3', 'away_shots_blocked': '6', 'home_possession': '59', 'away_possession': '42', 'home_corners': '6', 'away_corners': '1', 'home_offsides': '2', 'away_offsides': '5', 'home_fouls': '11', 'away_fouls': '12', 'home_throw_ins': '25', 'away_throw_ins': '24', 'home_yellow_cards': '1', 'away_yellow_cards': '2', 'home_goalkeeper_saves': '4', 'away_goalkeeper_saves': '1', 'home_goalKicks': '8', 'away_goalKicks': '11'}
2024-10-28 20:42:49,686 - INFO - Extracting link: https://www.livescore.com/en/football/england/premier-league/liverpool-vs-bournemouth/1250636/
2024-10-28 20:42:54,308 - INFO - Clicked the close button: info
2024-10-28 20:42:58,232 - INFO - Clicked the close button: statistics
2024-10-28 20:43:01,797 - INFO - Match data extracted: {'home_team': 'Liverpool', 'away_team': 'Bournemouth', 'home_score': '3', 'away_score': '0', 'startTime': '21 Sep 2024', 'referee': 'Tony Harrington', 'ref_citizenship': 'England', 'stadium': 'Anfield', 'spectators': '60,347', 'home_shots_on_target': '13', 'away_shots_on_target': '6', 'home_shots_off_target': '3', 'away_shots_off_target': '9', 'home_shots_blocked': '3', 'away_shots_blocked': '4', 'home_possession': '59', 'away_possession': '41', 'home_corners': '3', 'away_corners': '9', 'home_offsides': '0', 'away_offsides': '3', 'home_fouls': '10', 'away_fouls': '12', 'home_throw_ins': '19', 'away_throw_ins': '19', 'home_yellow_cards': '1', 'away_yellow_cards': '4', 'home_goalkeeper_saves': '7', 'away_goalkeeper_saves': '9', 'home_goalKicks': '7', 'away_goalKicks': '2'}
2024-10-28 20:43:01,798 - INFO - Extracting link: https://www.livescore.com/en/football/england/premier-league/southampton-vs-ipswich-town/1250631/
2024-10-28 20:43:06,448 - INFO - Clicked the close button: info
2024-10-28 20:43:09,271 - INFO - Clicked the close button: statistics
2024-10-28 20:43:13,293 - INFO - Match data extracted: {'home_team': 'Southampton', 'away_team': 'Ipswich Town', 'home_score': '1', 'away_score': '1', 'startTime': '21 Sep 2024', 'referee': 'Sam Allison', 'ref_citizenship': 'England', 'stadium': "St. Mary'S Stadium", 'spectators': '3,117', 'home_shots_on_target': '3', 'away_shots_on_target': '6', 'home_shots_off_target': '5', 'away_shots_off_target': '4', 'home_shots_blocked': '3', 'away_shots_blocked': '3', 'home_possession': '54', 'away_possession': '46', 'home_corners': '2', 'away_corners': '10', 'home_offsides': '3', 'away_offsides': '1', 'home_fouls': '16', 'away_fouls': '16', 'home_throw_ins': '10', 'away_throw_ins': '14', 'home_yellow_cards': '4', 'away_yellow_cards': '4', 'home_goalkeeper_saves': '5', 'away_goalkeeper_saves': '2', 'home_goalKicks': '7', 'away_goalKicks': '1'}
2024-10-28 20:43:13,294 - INFO - Extracting link: https://www.livescore.com/en/football/england/premier-league/tottenham-hotspur-vs-brentford/1250627/
2024-10-28 20:43:17,951 - INFO - Clicked the close button: info
2024-10-28 20:43:20,618 - INFO - Clicked the close button: statistics
2024-10-28 20:43:23,453 - INFO - Match data extracted: {'home_team': 'Tottenham Hotspur', 'away_team': 'Brentford', 'home_score': '3', 'away_score': '1', 'startTime': '21 Sep 2024', 'referee': 'John Brooks', 'ref_citizenship': 'England', 'stadium': 'Tottenham Hotspur Stadium', 'spectators': '61,246', 'home_shots_on_target': '10', 'away_shots_on_target': '6', 'home_shots_off_target': '3', 'away_shots_off_target': '0', 'home_shots_blocked': '10', 'away_shots_blocked': '0', 'home_possession': '48', 'away_possession': '52', 'home_corners': '9', 'away_corners': '4', 'home_offsides': '1', 'away_offsides': '2', 'home_fouls': '11', 'away_fouls': '9', 'home_throw_ins': '18', 'away_throw_ins': '16', 'home_yellow_cards': '3', 'away_yellow_cards': '1', 'home_goalkeeper_saves': '5', 'away_goalkeeper_saves': '6', 'home_goalKicks': '3', 'away_goalKicks': '10'}
2024-10-28 20:43:23,454 - INFO - Extracting link: https://www.livescore.com/en/football/england/premier-league/west-ham-united-vs-chelsea/1250639/
2024-10-28 20:43:28,112 - INFO - Clicked the close button: info
2024-10-28 20:43:31,753 - INFO - Clicked the close button: statistics
2024-10-28 20:43:35,624 - INFO - Match data extracted: {'home_team': 'West Ham United', 'away_team': 'Chelsea', 'home_score': '0', 'away_score': '3', 'startTime': '21 Sep 2024', 'referee': 'Samuel Barrott', 'ref_citizenship': 'England', 'stadium': 'London Stadium', 'spectators': '62,473', 'home_shots_on_target': '7', 'away_shots_on_target': '5', 'home_shots_off_target': '3', 'away_shots_off_target': '4', 'home_shots_blocked': '5', 'away_shots_blocked': '3', 'home_possession': '53', 'away_possession': '47', 'home_corners': '6', 'away_corners': '5', 'home_offsides': '2', 'away_offsides': '1', 'home_fouls': '17', 'away_fouls': '9', 'home_throw_ins': '9', 'away_throw_ins': '8', 'home_yellow_cards': '5', 'away_yellow_cards': '2', 'home_goalkeeper_saves': '2', 'away_goalkeeper_saves': '7', 'home_goalKicks': '4', 'away_goalKicks': '7'}
2024-10-28 20:43:35,625 - INFO - Extracting link: https://www.livescore.com/en/football/england/premier-league/wolves-vs-newcastle-united/1250598/
2024-10-28 20:43:40,287 - INFO - Clicked the close button: info
2024-10-28 20:43:44,364 - INFO - Clicked the close button: statistics
2024-10-28 20:43:46,937 - INFO - Match data extracted: {'home_team': 'Wolves', 'away_team': 'Newcastle United', 'home_score': '1', 'away_score': '2', 'startTime': '15 Sep 2024', 'referee': 'Chris Kavanagh', 'ref_citizenship': 'England', 'stadium': 'Molineux Stadium', 'spectators': '30,255', 'home_shots_on_target': '5', 'away_shots_on_target': '6', 'home_shots_off_target': '5', 'away_shots_off_target': '4', 'home_shots_blocked': '2', 'away_shots_blocked': '4', 'home_possession': '49', 'away_possession': '52', 'home_corners': '4', 'away_corners': '7', 'home_offsides': '3', 'away_offsides': '2', 'home_fouls': '17', 'away_fouls': '6', 'home_throw_ins': '21', 'away_throw_ins': '16', 'home_yellow_cards': '3', 'away_yellow_cards': '3', 'home_goalkeeper_saves': '4', 'away_goalkeeper_saves': '4', 'home_goalKicks': '8', 'away_goalKicks': '6'}
2024-10-28 20:43:46,938 - INFO - Extracting link: https://www.livescore.com/en/football/england/premier-league/tottenham-hotspur-vs-arsenal/1250599/
2024-10-28 20:43:51,599 - INFO - Clicked the close button: info
2024-10-28 20:43:55,269 - INFO - Clicked the close button: statistics
2024-10-28 20:43:58,304 - INFO - Match data extracted: {'home_team': 'Tottenham Hotspur', 'away_team': 'Arsenal', 'home_score': '0', 'away_score': '1', 'startTime': '15 Sep 2024', 'referee': 'Jarred Gillett', 'ref_citizenship': 'Australia', 'stadium': 'Tottenham Hotspur Stadium', 'spectators': '61,645', 'home_shots_on_target': '5', 'away_shots_on_target': '4', 'home_shots_off_target': '4', 'away_shots_off_target': '0', 'home_shots_blocked': '6', 'away_shots_blocked': '3', 'home_possession': '64', 'away_possession': '36', 'home_corners': '7', 'away_corners': '6', 'home_offsides': '2', 'away_offsides': '3', 'home_fouls': '13', 'away_fouls': '10', 'home_throw_ins': '22', 'away_throw_ins': '16', 'home_yellow_cards': '5', 'away_yellow_cards': '3', 'home_goalkeeper_saves': '3', 'away_goalkeeper_saves': '5', 'home_goalKicks': '3', 'away_goalKicks': '7'}
2024-10-28 20:43:58,304 - INFO - Extracting link: https://www.livescore.com/en/football/england/premier-league/bournemouth-vs-chelsea/1250591/
2024-10-28 20:44:02,926 - INFO - Clicked the close button: info
2024-10-28 20:44:05,598 - INFO - Clicked the close button: statistics
2024-10-28 20:44:09,431 - INFO - Match data extracted: {'home_team': 'Bournemouth', 'away_team': 'Chelsea', 'home_score': '0', 'away_score': '1', 'startTime': '15 Sep 2024', 'referee': 'Anthony Taylor', 'ref_citizenship': 'England', 'stadium': 'Vitality Stadium', 'spectators': '11,235', 'home_shots_on_target': '7', 'away_shots_on_target': '3', 'home_shots_off_target': '8', 'away_shots_off_target': '3', 'home_shots_blocked': '4', 'away_shots_blocked': '4', 'home_possession': '33', 'away_possession': '67', 'home_corners': '6', 'away_corners': '3', 'home_offsides': '4', 'away_offsides': '3', 'home_fouls': '16', 'away_fouls': '9', 'home_throw_ins': '17', 'away_throw_ins': '23', 'home_yellow_cards': '6', 'away_yellow_cards': '8', 'home_goalkeeper_saves': '2', 'away_goalkeeper_saves': '7', 'home_goalKicks': '2', 'away_goalKicks': '10'}
2024-10-28 20:44:09,432 - INFO - Extracting link: https://www.livescore.com/en/football/england/premier-league/aston-villa-vs-everton/1250608/
2024-10-28 20:44:14,064 - INFO - Clicked the close button: info
2024-10-28 20:44:17,233 - INFO - Clicked the close button: statistics
2024-10-28 20:44:19,772 - INFO - Match data extracted: {'home_team': 'Aston Villa', 'away_team': 'Everton', 'home_score': '3', 'away_score': '2', 'startTime': '14 Sep 2024', 'referee': 'Craig Pawson', 'ref_citizenship': 'England', 'stadium': 'Villa Park', 'spectators': '41,920', 'home_shots_on_target': '8', 'away_shots_on_target': '2', 'home_shots_off_target': '6', 'away_shots_off_target': '3', 'home_shots_blocked': '3', 'away_shots_blocked': '1', 'home_possession': '73', 'away_possession': '27', 'home_corners': '6', 'away_corners': '2', 'home_offsides': '1', 'away_offsides': '3', 'home_fouls': '10', 'away_fouls': '12', 'home_throw_ins': '18', 'away_throw_ins': '13', 'home_yellow_cards': '1', 'away_yellow_cards': '4', 'home_goalkeeper_saves': '0', 'away_goalkeeper_saves': '4', 'home_goalKicks': '1', 'away_goalKicks': '10'}
2024-10-28 20:44:19,773 - INFO - Extracting link: https://www.livescore.com/en/football/england/premier-league/brighton-vs-ipswich-town/1250597/
2024-10-28 20:44:24,435 - INFO - Clicked the close button: info
2024-10-28 20:44:27,658 - INFO - Clicked the close button: statistics
2024-10-28 20:44:31,428 - INFO - Match data extracted: {'home_team': 'Brighton', 'away_team': 'Ipswich Town', 'home_score': '0', 'away_score': '0', 'startTime': '14 Sep 2024', 'referee': 'Samuel Barrott', 'ref_citizenship': 'England', 'stadium': 'The American Express Community Stadium', 'spectators': '31,573', 'home_shots_on_target': '6', 'away_shots_on_target': '1', 'home_shots_off_target': '5', 'away_shots_off_target': '4', 'home_shots_blocked': '10', 'away_shots_blocked': '1', 'home_possession': '69', 'away_possession': '31', 'home_corners': '9', 'away_corners': '2', 'home_offsides': '1', 'away_offsides': '3', 'home_fouls': '14', 'away_fouls': '16', 'home_throw_ins': '14', 'away_throw_ins': '15', 'home_yellow_cards': '4', 'away_yellow_cards': '3', 'home_goalkeeper_saves': '1', 'away_goalkeeper_saves': '6', 'home_goalKicks': '5', 'away_goalKicks': '8'}
2024-10-28 20:44:31,429 - INFO - Extracting link: https://www.livescore.com/en/football/england/premier-league/crystal-palace-vs-leicester-city/1250603/
2024-10-28 20:44:36,108 - INFO - Clicked the close button: info
2024-10-28 20:44:40,133 - INFO - Clicked the close button: statistics
2024-10-28 20:44:42,958 - INFO - Match data extracted: {'home_team': 'Crystal Palace', 'away_team': 'Leicester City', 'home_score': '2', 'away_score': '2', 'startTime': '14 Sep 2024', 'referee': 'Tony Harrington', 'ref_citizenship': 'England', 'stadium': 'Selhurst Park', 'spectators': '25,124', 'home_shots_on_target': '4', 'away_shots_on_target': '4', 'home_shots_off_target': '6', 'away_shots_off_target': '4', 'home_shots_blocked': '10', 'away_shots_blocked': '1', 'home_possession': '67', 'away_possession': '33', 'home_corners': '5', 'away_corners': '2', 'home_offsides': '3', 'away_offsides': '0', 'home_fouls': '11', 'away_fouls': '15', 'home_throw_ins': '17', 'away_throw_ins': '24', 'home_yellow_cards': '0', 'away_yellow_cards': '3', 'home_goalkeeper_saves': '2', 'away_goalkeeper_saves': '2', 'home_goalKicks': '5', 'away_goalKicks': '6'}
2024-10-28 20:44:42,960 - INFO - Extracting link: https://www.livescore.com/en/football/england/premier-league/fulham-vs-west-ham-united/1250605/
2024-10-28 20:44:47,602 - INFO - Clicked the close button: info
2024-10-28 20:44:51,298 - INFO - Clicked the close button: statistics
2024-10-28 20:44:54,673 - INFO - Match data extracted: {'home_team': 'Fulham', 'away_team': 'West Ham United', 'home_score': '1', 'away_score': '1', 'startTime': '14 Sep 2024', 'referee': 'Tim Robinson', 'ref_citizenship': 'England', 'stadium': 'Craven Cottage', 'spectators': '26,528', 'home_shots_on_target': '5', 'away_shots_on_target': '3', 'home_shots_off_target': '8', 'away_shots_off_target': '5', 'home_shots_blocked': '8', 'away_shots_blocked': '3', 'home_possession': '55', 'away_possession': '46', 'home_corners': '3', 'away_corners': '2', 'home_offsides': '3', 'away_offsides': '2', 'home_fouls': '15', 'away_fouls': '18', 'home_throw_ins': '28', 'away_throw_ins': '26', 'home_yellow_cards': '2', 'away_yellow_cards': '3', 'home_goalkeeper_saves': '2', 'away_goalkeeper_saves': '4', 'home_goalKicks': '6', 'away_goalKicks': '13'}
2024-10-28 20:44:54,674 - INFO - Extracting link: https://www.livescore.com/en/football/england/premier-league/liverpool-vs-nottingham-forest/1250594/
2024-10-28 20:44:59,327 - INFO - Clicked the close button: info
2024-10-28 20:45:03,218 - INFO - Clicked the close button: statistics
2024-10-28 20:45:06,571 - INFO - Match data extracted: {'home_team': 'Liverpool', 'away_team': 'Nottingham Forest', 'home_score': '0', 'away_score': '1', 'startTime': '14 Sep 2024', 'referee': 'Michael Oliver', 'ref_citizenship': 'England', 'stadium': 'Anfield', 'spectators': '60,344', 'home_shots_on_target': '5', 'away_shots_on_target': '3', 'home_shots_off_target': '6', 'away_shots_off_target': '2', 'home_shots_blocked': '3', 'away_shots_blocked': '0', 'home_possession': '69', 'away_possession': '31', 'home_corners': '7', 'away_corners': '2', 'home_offsides': '0', 'away_offsides': '5', 'home_fouls': '15', 'away_fouls': '6', 'home_throw_ins': '31', 'away_throw_ins': '20', 'home_yellow_cards': '4', 'away_yellow_cards': '4', 'home_goalkeeper_saves': '2', 'away_goalkeeper_saves': '5', 'home_goalKicks': '4', 'away_goalKicks': '12'}
2024-10-28 20:45:06,572 - INFO - Extracting link: https://www.livescore.com/en/football/england/premier-league/manchester-city-vs-brentford/1250596/
2024-10-28 20:45:11,210 - INFO - Clicked the close button: info
2024-10-28 20:45:14,468 - INFO - Clicked the close button: statistics
2024-10-28 20:45:18,268 - INFO - Match data extracted: {'home_team': 'Manchester City', 'away_team': 'Brentford', 'home_score': '2', 'away_score': '1', 'startTime': '14 Sep 2024', 'referee': 'Darren Bond', 'ref_citizenship': 'England', 'stadium': 'Etihad Stadium', 'spectators': '55,017', 'home_shots_on_target': '7', 'away_shots_on_target': '5', 'home_shots_off_target': '6', 'away_shots_off_target': '2', 'home_shots_blocked': '5', 'away_shots_blocked': '1', 'home_possession': '54', 'away_possession': '46', 'home_corners': '12', 'away_corners': '3', 'home_offsides': '1', 'away_offsides': '1', 'home_fouls': '9', 'away_fouls': '3', 'home_throw_ins': '19', 'away_throw_ins': '9', 'home_yellow_cards': '3', 'away_yellow_cards': '1', 'home_goalkeeper_saves': '5', 'away_goalkeeper_saves': '5', 'home_goalKicks': '3', 'away_goalKicks': '6'}
2024-10-28 20:45:18,269 - INFO - Extracting link: https://www.livescore.com/en/football/england/premier-league/southampton-vs-manchester-united/1250606/
2024-10-28 20:45:22,897 - INFO - Clicked the close button: info
2024-10-28 20:45:26,652 - INFO - Clicked the close button: statistics
2024-10-28 20:45:30,588 - WARNING - Failed to extract statistic offsides
2024-10-28 20:45:30,789 - INFO - Match data extracted: {'home_team': 'Southampton', 'away_team': 'Manchester United', 'home_score': '0', 'away_score': '3', 'startTime': '14 Sep 2024', 'referee': 'Stuart Attwell', 'ref_citizenship': 'England', 'stadium': "St. Mary'S Stadium", 'spectators': '31,144', 'home_shots_on_target': '4', 'away_shots_on_target': '10', 'home_shots_off_target': '1', 'away_shots_off_target': '3', 'home_shots_blocked': '1', 'away_shots_blocked': '7', 'home_possession': '44', 'away_possession': '56', 'home_corners': '0', 'away_corners': '7', 'home_offsides': None, 'away_offsides': None, 'home_fouls': '11', 'away_fouls': '14', 'home_throw_ins': '11', 'away_throw_ins': '17', 'home_yellow_cards': '1', 'away_yellow_cards': '4', 'home_goalkeeper_saves': '7', 'away_goalkeeper_saves': '3', 'home_goalKicks': '5', 'away_goalKicks': '3'}
2024-10-28 20:45:30,791 - INFO - Extracting link: https://www.livescore.com/en/football/england/premier-league/manchester-united-vs-liverpool/1250612/
2024-10-28 20:45:35,458 - INFO - Clicked the close button: info
2024-10-28 20:45:38,465 - INFO - Clicked the close button: statistics
2024-10-28 20:45:42,860 - INFO - Match data extracted: {'home_team': 'Manchester United', 'away_team': 'Liverpool', 'home_score': '0', 'away_score': '3', 'startTime': '1 Sep 2024', 'referee': 'Anthony Taylor', 'ref_citizenship': 'England', 'stadium': 'Old Trafford', 'spectators': '73,738', 'home_shots_on_target': '3', 'away_shots_on_target': '3', 'home_shots_off_target': '5', 'away_shots_off_target': '6', 'home_shots_blocked': '0', 'away_shots_blocked': '2', 'home_possession': '53', 'away_possession': '47', 'home_corners': '5', 'away_corners': '2', 'home_offsides': '0', 'away_offsides': '2', 'home_fouls': '7', 'away_fouls': '7', 'home_throw_ins': '26', 'away_throw_ins': '22', 'home_yellow_cards': '4', 'away_yellow_cards': '1', 'home_goalkeeper_saves': '0', 'away_goalkeeper_saves': '3', 'home_goalKicks': '8', 'away_goalKicks': '5'}
2024-10-28 20:45:42,861 - INFO - Extracting link: https://www.livescore.com/en/football/england/premier-league/chelsea-vs-crystal-palace/1250602/
2024-10-28 20:45:47,518 - INFO - Clicked the close button: info
2024-10-28 20:45:49,688 - INFO - Clicked the close button: statistics
2024-10-28 20:45:52,865 - INFO - Match data extracted: {'home_team': 'Chelsea', 'away_team': 'Crystal Palace', 'home_score': '1', 'away_score': '1', 'startTime': '1 Sep 2024', 'referee': 'Jarred Gillett', 'ref_citizenship': 'Australia', 'stadium': 'Stamford Bridge', 'spectators': '39,298', 'home_shots_on_target': '7', 'away_shots_on_target': '3', 'home_shots_off_target': '5', 'away_shots_off_target': '1', 'home_shots_blocked': '1', 'away_shots_blocked': '5', 'home_possession': '63', 'away_possession': '37', 'home_corners': '4', 'away_corners': '4', 'home_offsides': '0', 'away_offsides': '1', 'home_fouls': '9', 'away_fouls': '13', 'home_throw_ins': '14', 'away_throw_ins': '17', 'home_yellow_cards': '4', 'away_yellow_cards': '2', 'home_goalkeeper_saves': '2', 'away_goalkeeper_saves': '6', 'home_goalKicks': '2', 'away_goalKicks': '12'}
2024-10-28 20:45:52,866 - INFO - Extracting link: https://www.livescore.com/en/football/england/premier-league/newcastle-united-vs-tottenham-hotspur/1250613/
2024-10-28 20:45:57,527 - INFO - Clicked the close button: info
2024-10-28 20:46:00,023 - INFO - Clicked the close button: statistics
2024-10-28 20:46:03,886 - INFO - Match data extracted: {'home_team': 'Newcastle United', 'away_team': 'Tottenham Hotspur', 'home_score': '2', 'away_score': '1', 'startTime': '1 Sep 2024', 'referee': 'Robert Jones', 'ref_citizenship': 'England', 'stadium': "St James' Park", 'spectators': '52,211', 'home_shots_on_target': '3', 'away_shots_on_target': '6', 'home_shots_off_target': '3', 'away_shots_off_target': '6', 'home_shots_blocked': '3', 'away_shots_blocked': '8', 'home_possession': '34', 'away_possession': '66', 'home_corners': '7', 'away_corners': '12', 'home_offsides': '2', 'away_offsides': '4', 'home_fouls': '16', 'away_fouls': '13', 'home_throw_ins': '16', 'away_throw_ins': '20', 'home_yellow_cards': '4', 'away_yellow_cards': '4', 'home_goalkeeper_saves': '6', 'away_goalkeeper_saves': '1', 'home_goalKicks': '9', 'away_goalKicks': '3'}
2024-10-28 20:46:03,887 - INFO - Extracting link: https://www.livescore.com/en/football/england/premier-league/west-ham-united-vs-manchester-city/1250609/
2024-10-28 20:46:08,540 - INFO - Clicked the close button: info
2024-10-28 20:46:11,588 - INFO - Clicked the close button: statistics
2024-10-28 20:46:14,440 - INFO - Match data extracted: {'home_team': 'West Ham United', 'away_team': 'Manchester City', 'home_score': '1', 'away_score': '3', 'startTime': '31 Aug 2024', 'referee': 'Michael Oliver', 'ref_citizenship': 'England', 'stadium': 'London Stadium', 'spectators': '62,469', 'home_shots_on_target': '2', 'away_shots_on_target': '8', 'home_shots_off_target': '5', 'away_shots_off_target': '9', 'home_shots_blocked': '3', 'away_shots_blocked': '5', 'home_possession': '32', 'away_possession': '68', 'home_corners': '3', 'away_corners': '11', 'home_offsides': '0', 'away_offsides': '1', 'home_fouls': '10', 'away_fouls': '3', 'home_throw_ins': '19', 'away_throw_ins': '11', 'home_yellow_cards': '3', 'away_yellow_cards': '2', 'home_goalkeeper_saves': '5', 'away_goalkeeper_saves': '2', 'home_goalKicks': '8', 'away_goalKicks': '6'}
2024-10-28 20:46:14,441 - INFO - Extracting link: https://www.livescore.com/en/football/england/premier-league/brentford-vs-southampton/1250610/
2024-10-28 20:46:19,110 - INFO - Clicked the close button: info
2024-10-28 20:46:23,088 - INFO - Clicked the close button: statistics
2024-10-28 20:46:26,493 - INFO - Match data extracted: {'home_team': 'Brentford', 'away_team': 'Southampton', 'home_score': '3', 'away_score': '1', 'startTime': '31 Aug 2024', 'referee': 'Josh Smith', 'ref_citizenship': 'England', 'stadium': 'Gtech Community Stadium', 'spectators': '16,955', 'home_shots_on_target': '7', 'away_shots_on_target': '6', 'home_shots_off_target': '7', 'away_shots_off_target': '7', 'home_shots_blocked': '6', 'away_shots_blocked': '5', 'home_possession': '37', 'away_possession': '63', 'home_corners': '2', 'away_corners': '8', 'home_offsides': '1', 'away_offsides': '2', 'home_fouls': '10', 'away_fouls': '7', 'home_throw_ins': '19', 'away_throw_ins': '14', 'home_yellow_cards': '2', 'away_yellow_cards': '1', 'home_goalkeeper_saves': '5', 'away_goalkeeper_saves': '4', 'home_goalKicks': '4', 'away_goalKicks': '8'}
2024-10-28 20:46:26,494 - INFO - Extracting link: https://www.livescore.com/en/football/england/premier-league/everton-vs-bournemouth/1250601/
2024-10-28 20:46:34,692 - INFO - Clicked the close button: info
2024-10-28 20:46:37,748 - INFO - Clicked the close button: statistics
2024-10-28 20:46:41,315 - INFO - Match data extracted: {'home_team': 'Everton', 'away_team': 'Bournemouth', 'home_score': '2', 'away_score': '3', 'startTime': '31 Aug 2024', 'referee': 'Stuart Attwell', 'ref_citizenship': 'England', 'stadium': 'Goodison Park', 'spectators': '38,805', 'home_shots_on_target': '8', 'away_shots_on_target': '7', 'home_shots_off_target': '8', 'away_shots_off_target': '5', 'home_shots_blocked': '2', 'away_shots_blocked': '3', 'home_possession': '48', 'away_possession': '52', 'home_corners': '8', 'away_corners': '4', 'home_offsides': '2', 'away_offsides': '2', 'home_fouls': '5', 'away_fouls': '12', 'home_throw_ins': '14', 'away_throw_ins': '19', 'home_yellow_cards': '2', 'away_yellow_cards': '1', 'home_goalkeeper_saves': '4', 'away_goalkeeper_saves': '6', 'home_goalKicks': '8', 'away_goalKicks': '14'}
2024-10-28 20:46:41,317 - INFO - Extracting link: https://www.livescore.com/en/football/england/premier-league/ipswich-town-vs-fulham/1250604/
2024-10-28 20:46:45,958 - INFO - Clicked the close button: info
2024-10-28 20:46:48,586 - INFO - Clicked the close button: statistics
2024-10-28 20:46:51,044 - INFO - Match data extracted: {'home_team': 'Ipswich Town', 'away_team': 'Fulham', 'home_score': '1', 'away_score': '1', 'startTime': '31 Aug 2024', 'referee': 'Lewis Smith', 'ref_citizenship': 'England', 'stadium': 'Portman Road', 'spectators': '29,517', 'home_shots_on_target': '4', 'away_shots_on_target': '4', 'home_shots_off_target': '3', 'away_shots_off_target': '1', 'home_shots_blocked': '4', 'away_shots_blocked': '4', 'home_possession': '49', 'away_possession': '51', 'home_corners': '8', 'away_corners': '6', 'home_offsides': '4', 'away_offsides': '0', 'home_fouls': '15', 'away_fouls': '15', 'home_throw_ins': '7', 'away_throw_ins': '23', 'home_yellow_cards': '2', 'away_yellow_cards': '3', 'home_goalkeeper_saves': '3', 'away_goalkeeper_saves': '3', 'home_goalKicks': '4', 'away_goalKicks': '7'}
2024-10-28 20:46:51,045 - INFO - Extracting link: https://www.livescore.com/en/football/england/premier-league/leicester-city-vs-aston-villa/1250607/
2024-10-28 20:46:55,666 - INFO - Clicked the close button: info
2024-10-28 20:46:59,306 - INFO - Clicked the close button: statistics
2024-10-28 20:47:02,655 - INFO - Match data extracted: {'home_team': 'Leicester City', 'away_team': 'Aston Villa', 'home_score': '1', 'away_score': '2', 'startTime': '31 Aug 2024', 'referee': 'David Coote', 'ref_citizenship': 'England', 'stadium': 'King Power Stadium', 'spectators': '31,725', 'home_shots_on_target': '3', 'away_shots_on_target': '6', 'home_shots_off_target': '4', 'away_shots_off_target': '1', 'home_shots_blocked': '2', 'away_shots_blocked': '2', 'home_possession': '57', 'away_possession': '43', 'home_corners': '1', 'away_corners': '4', 'home_offsides': '3', 'away_offsides': '1', 'home_fouls': '13', 'away_fouls': '21', 'home_throw_ins': '7', 'away_throw_ins': '13', 'home_yellow_cards': '4', 'away_yellow_cards': '5', 'home_goalkeeper_saves': '4', 'away_goalkeeper_saves': '2', 'home_goalKicks': '4', 'away_goalKicks': '10'}
2024-10-28 20:47:02,656 - INFO - Extracting link: https://www.livescore.com/en/football/england/premier-league/nottingham-forest-vs-wolves/1250611/
2024-10-28 20:47:07,334 - INFO - Clicked the close button: info
2024-10-28 20:47:11,199 - INFO - Clicked the close button: statistics
2024-10-28 20:47:14,209 - INFO - Match data extracted: {'home_team': 'Nottingham Forest', 'away_team': 'Wolves', 'home_score': '1', 'away_score': '1', 'startTime': '31 Aug 2024', 'referee': 'Simon Hooper', 'ref_citizenship': 'England', 'stadium': 'City Ground, Nottingham', 'spectators': '29,918', 'home_shots_on_target': '5', 'away_shots_on_target': '2', 'home_shots_off_target': '5', 'away_shots_off_target': '6', 'home_shots_blocked': '6', 'away_shots_blocked': '3', 'home_possession': '52', 'away_possession': '48', 'home_corners': '7', 'away_corners': '3', 'home_offsides': '4', 'away_offsides': '0', 'home_fouls': '15', 'away_fouls': '18', 'home_throw_ins': '15', 'away_throw_ins': '17', 'home_yellow_cards': '3', 'away_yellow_cards': '4', 'home_goalkeeper_saves': '1', 'away_goalkeeper_saves': '4', 'home_goalKicks': '7', 'away_goalKicks': '7'}
2024-10-28 20:47:14,210 - INFO - Extracting link: https://www.livescore.com/en/football/england/premier-league/arsenal-vs-brighton/1250600/
2024-10-28 20:47:18,862 - INFO - Clicked the close button: info
2024-10-28 20:47:22,621 - INFO - Clicked the close button: statistics
2024-10-28 20:47:25,697 - INFO - Match data extracted: {'home_team': 'Arsenal', 'away_team': 'Brighton', 'home_score': '1', 'away_score': '1', 'startTime': '31 Aug 2024', 'referee': 'Chris Kavanagh', 'ref_citizenship': 'England', 'stadium': 'Emirates Stadium', 'spectators': '60,326', 'home_shots_on_target': '7', 'away_shots_on_target': '3', 'home_shots_off_target': '1', 'away_shots_off_target': '9', 'home_shots_blocked': '3', 'away_shots_blocked': '8', 'home_possession': '36', 'away_possession': '64', 'home_corners': '3', 'away_corners': '7', 'home_offsides': '3', 'away_offsides': '1', 'home_fouls': '12', 'away_fouls': '7', 'home_throw_ins': '12', 'away_throw_ins': '14', 'home_yellow_cards': '3', 'away_yellow_cards': '2', 'home_goalkeeper_saves': '2', 'away_goalkeeper_saves': '6', 'home_goalKicks': '11', 'away_goalKicks': '4'}
2024-10-28 20:47:25,698 - INFO - Extracting link: https://www.livescore.com/en/football/england/premier-league/liverpool-vs-brentford/1250584/
2024-10-28 20:47:30,330 - INFO - Clicked the close button: info
2024-10-28 20:47:34,306 - INFO - Clicked the close button: statistics
2024-10-28 20:47:37,113 - INFO - Match data extracted: {'home_team': 'Liverpool', 'away_team': 'Brentford', 'home_score': '2', 'away_score': '0', 'startTime': '25 Aug 2024', 'referee': 'Stuart Attwell', 'ref_citizenship': 'England', 'stadium': 'Anfield', 'spectators': '60,107', 'home_shots_on_target': '8', 'away_shots_on_target': '2', 'home_shots_off_target': '4', 'away_shots_off_target': '3', 'home_shots_blocked': '7', 'away_shots_blocked': '3', 'home_possession': '63', 'away_possession': '37', 'home_corners': '9', 'away_corners': '4', 'home_offsides': '1', 'away_offsides': '2', 'home_fouls': '10', 'away_fouls': '7', 'home_throw_ins': '19', 'away_throw_ins': '20', 'home_yellow_cards': '2', 'away_yellow_cards': '3', 'home_goalkeeper_saves': '2', 'away_goalkeeper_saves': '6', 'home_goalKicks': '5', 'away_goalKicks': '4'}
2024-10-28 20:47:37,114 - INFO - Extracting link: https://www.livescore.com/en/football/england/premier-league/bournemouth-vs-newcastle-united/1250583/
2024-10-28 20:47:41,769 - INFO - Clicked the close button: info
2024-10-28 20:47:45,350 - INFO - Clicked the close button: statistics
2024-10-28 20:47:48,143 - WARNING - Failed to extract statistic offsides
2024-10-28 20:47:48,325 - INFO - Match data extracted: {'home_team': 'Bournemouth', 'away_team': 'Newcastle United', 'home_score': '1', 'away_score': '1', 'startTime': '25 Aug 2024', 'referee': 'David Coote', 'ref_citizenship': 'England', 'stadium': 'Vitality Stadium', 'spectators': '11,161', 'home_shots_on_target': '4', 'away_shots_on_target': '5', 'home_shots_off_target': '6', 'away_shots_off_target': '4', 'home_shots_blocked': '4', 'away_shots_blocked': '5', 'home_possession': '39', 'away_possession': '61', 'home_corners': '8', 'away_corners': '9', 'home_offsides': None, 'away_offsides': None, 'home_fouls': '19', 'away_fouls': '8', 'home_throw_ins': '18', 'away_throw_ins': '25', 'home_yellow_cards': '2', 'away_yellow_cards': '2', 'home_goalkeeper_saves': '4', 'away_goalkeeper_saves': '3', 'home_goalKicks': '9', 'away_goalKicks': '6'}
2024-10-28 20:47:48,326 - INFO - Extracting link: https://www.livescore.com/en/football/england/premier-league/wolves-vs-chelsea/1250587/
2024-10-28 20:47:52,986 - INFO - Clicked the close button: info
2024-10-28 20:47:56,544 - INFO - Clicked the close button: statistics
2024-10-28 20:47:59,753 - INFO - Match data extracted: {'home_team': 'Wolves', 'away_team': 'Chelsea', 'home_score': '2', 'away_score': '6', 'startTime': '25 Aug 2024', 'referee': 'Darren England', 'ref_citizenship': 'England', 'stadium': 'Molineux Stadium', 'spectators': '31,235', 'home_shots_on_target': '4', 'away_shots_on_target': '8', 'home_shots_off_target': '6', 'away_shots_off_target': '3', 'home_shots_blocked': '2', 'away_shots_blocked': '3', 'home_possession': '39', 'away_possession': '61', 'home_corners': '5', 'away_corners': '5', 'home_offsides': '3', 'away_offsides': '1', 'home_fouls': '13', 'away_fouls': '13', 'home_throw_ins': '19', 'away_throw_ins': '12', 'home_yellow_cards': '2', 'away_yellow_cards': '3', 'home_goalkeeper_saves': '2', 'away_goalkeeper_saves': '2', 'home_goalKicks': '3', 'away_goalKicks': '10'}
2024-10-28 20:47:59,754 - INFO - Extracting link: https://www.livescore.com/en/football/england/premier-league/aston-villa-vs-arsenal/1250592/
2024-10-28 20:48:04,773 - INFO - Clicked the close button: info
2024-10-28 20:48:08,261 - INFO - Clicked the close button: statistics
2024-10-28 20:48:12,178 - INFO - Match data extracted: {'home_team': 'Aston Villa', 'away_team': 'Arsenal', 'home_score': '0', 'away_score': '2', 'startTime': '24 Aug 2024', 'referee': 'Michael Oliver', 'ref_citizenship': 'England', 'stadium': 'Villa Park', 'spectators': '41,587', 'home_shots_on_target': '3', 'away_shots_on_target': '4', 'home_shots_off_target': '3', 'away_shots_off_target': '4', 'home_shots_blocked': '5', 'away_shots_blocked': '1', 'home_possession': '39', 'away_possession': '61', 'home_corners': '4', 'away_corners': '1', 'home_offsides': '3', 'away_offsides': '1', 'home_fouls': '8', 'away_fouls': '15', 'home_throw_ins': '11', 'away_throw_ins': '11', 'home_yellow_cards': '1', 'away_yellow_cards': '3', 'home_goalkeeper_saves': '2', 'away_goalkeeper_saves': '3', 'home_goalKicks': '8', 'away_goalKicks': '6'}
2024-10-28 20:48:12,179 - INFO - Extracting link: https://www.livescore.com/en/football/england/premier-league/crystal-palace-vs-west-ham-united/1250593/
2024-10-28 20:48:17,415 - INFO - Clicked the close button: info
2024-10-28 20:48:20,704 - INFO - Clicked the close button: statistics
2024-10-28 20:48:24,007 - INFO - Match data extracted: {'home_team': 'Crystal Palace', 'away_team': 'West Ham United', 'home_score': '0', 'away_score': '2', 'startTime': '24 Aug 2024', 'referee': 'Robert Jones', 'ref_citizenship': 'England', 'stadium': 'Selhurst Park', 'spectators': '25,099', 'home_shots_on_target': '2', 'away_shots_on_target': '3', 'home_shots_off_target': '8', 'away_shots_off_target': '10', 'home_shots_blocked': '4', 'away_shots_blocked': '5', 'home_possession': '59', 'away_possession': '41', 'home_corners': '3', 'away_corners': '3', 'home_offsides': '3', 'away_offsides': '2', 'home_fouls': '9', 'away_fouls': '17', 'home_throw_ins': '17', 'away_throw_ins': '13', 'home_yellow_cards': '1', 'away_yellow_cards': '1', 'home_goalkeeper_saves': '1', 'away_goalkeeper_saves': '2', 'home_goalKicks': '10', 'away_goalKicks': '13'}
2024-10-28 20:48:24,008 - INFO - Extracting link: https://www.livescore.com/en/football/england/premier-league/fulham-vs-leicester-city/1250586/
2024-10-28 20:48:28,643 - INFO - Clicked the close button: info
2024-10-28 20:48:32,586 - INFO - Clicked the close button: statistics
2024-10-28 20:48:35,470 - INFO - Match data extracted: {'home_team': 'Fulham', 'away_team': 'Leicester City', 'home_score': '2', 'away_score': '1', 'startTime': '24 Aug 2024', 'referee': 'Darren Bond', 'ref_citizenship': 'England', 'stadium': 'Craven Cottage', 'spectators': '25,401', 'home_shots_on_target': '6', 'away_shots_on_target': '4', 'home_shots_off_target': '7', 'away_shots_off_target': '4', 'home_shots_blocked': '5', 'away_shots_blocked': '1', 'home_possession': '55', 'away_possession': '45', 'home_corners': '7', 'away_corners': '5', 'home_offsides': '0', 'away_offsides': '5', 'home_fouls': '14', 'away_fouls': '13', 'home_throw_ins': '19', 'away_throw_ins': '10', 'home_yellow_cards': '2', 'away_yellow_cards': '2', 'home_goalkeeper_saves': '3', 'away_goalkeeper_saves': '4', 'home_goalKicks': '6', 'away_goalKicks': '12'}
2024-10-28 20:48:35,471 - INFO - Extracting link: https://www.livescore.com/en/football/england/premier-league/manchester-city-vs-ipswich-town/1250590/
2024-10-28 20:48:40,139 - INFO - Clicked the close button: info
2024-10-28 20:48:44,243 - INFO - Clicked the close button: statistics
2024-10-28 20:48:48,028 - INFO - Match data extracted: {'home_team': 'Manchester City', 'away_team': 'Ipswich Town', 'home_score': '4', 'away_score': '1', 'startTime': '24 Aug 2024', 'referee': 'Michael Salisbury', 'ref_citizenship': 'England', 'stadium': 'Etihad Stadium', 'spectators': '53,147', 'home_shots_on_target': '5', 'away_shots_on_target': '1', 'home_shots_off_target': '6', 'away_shots_off_target': '0', 'home_shots_blocked': '3', 'away_shots_blocked': '0', 'home_possession': '76', 'away_possession': '24', 'home_corners': '10', 'away_corners': '1', 'home_offsides': '3', 'away_offsides': '1', 'home_fouls': '4', 'away_fouls': '15', 'home_throw_ins': '16', 'away_throw_ins': '9', 'home_yellow_cards': '2', 'away_yellow_cards': '3', 'home_goalkeeper_saves': '0', 'away_goalkeeper_saves': '1', 'home_goalKicks': '1', 'away_goalKicks': '7'}
2024-10-28 20:48:48,029 - INFO - Extracting link: https://www.livescore.com/en/football/england/premier-league/southampton-vs-nottingham-forest/1250588/
2024-10-28 20:48:52,692 - INFO - Clicked the close button: info
2024-10-28 20:48:56,014 - INFO - Clicked the close button: statistics
2024-10-28 20:48:59,989 - INFO - Match data extracted: {'home_team': 'Southampton', 'away_team': 'Nottingham Forest', 'home_score': '0', 'away_score': '1', 'startTime': '24 Aug 2024', 'referee': 'Samuel Barrott', 'ref_citizenship': 'England', 'stadium': "St. Mary'S Stadium", 'spectators': '31,150', 'home_shots_on_target': '1', 'away_shots_on_target': '8', 'home_shots_off_target': '1', 'away_shots_off_target': '8', 'home_shots_blocked': '3', 'away_shots_blocked': '7', 'home_possession': '65', 'away_possession': '35', 'home_corners': '4', 'away_corners': '10', 'home_offsides': '0', 'away_offsides': '1', 'home_fouls': '14', 'away_fouls': '14', 'home_throw_ins': '13', 'away_throw_ins': '10', 'home_yellow_cards': '3', 'away_yellow_cards': '3', 'home_goalkeeper_saves': '7', 'away_goalkeeper_saves': '1', 'home_goalKicks': '9', 'away_goalKicks': '3'}
2024-10-28 20:48:59,990 - INFO - Extracting link: https://www.livescore.com/en/football/england/premier-league/tottenham-hotspur-vs-everton/1250595/
2024-10-28 20:49:04,649 - INFO - Clicked the close button: info
2024-10-28 20:49:08,347 - INFO - Clicked the close button: statistics
2024-10-28 20:49:11,774 - WARNING - Failed to extract statistic yellow_cards
2024-10-28 20:49:11,853 - INFO - Match data extracted: {'home_team': 'Tottenham Hotspur', 'away_team': 'Everton', 'home_score': '4', 'away_score': '0', 'startTime': '24 Aug 2024', 'referee': 'Anthony Taylor', 'ref_citizenship': 'England', 'stadium': 'Tottenham Hotspur Stadium', 'spectators': '61,357', 'home_shots_on_target': '7', 'away_shots_on_target': '1', 'home_shots_off_target': '4', 'away_shots_off_target': '2', 'home_shots_blocked': '3', 'away_shots_blocked': '5', 'home_possession': '71', 'away_possession': '29', 'home_corners': '12', 'away_corners': '5', 'home_offsides': '0', 'away_offsides': '4', 'home_fouls': '11', 'away_fouls': '15', 'home_throw_ins': '17', 'away_throw_ins': '13', 'home_yellow_cards': None, 'away_yellow_cards': None, 'home_goalkeeper_saves': '1', 'away_goalkeeper_saves': '3', 'home_goalKicks': '2', 'away_goalKicks': '6'}
2024-10-28 20:49:11,854 - INFO - Extracting link: https://www.livescore.com/en/football/england/premier-league/brighton-vs-manchester-united/1250585/
2024-10-28 20:49:16,513 - INFO - Clicked the close button: info
2024-10-28 20:49:19,077 - INFO - Clicked the close button: statistics
2024-10-28 20:49:21,543 - INFO - Match data extracted: {'home_team': 'Brighton', 'away_team': 'Manchester United', 'home_score': '2', 'away_score': '1', 'startTime': '24 Aug 2024', 'referee': 'Craig Pawson', 'ref_citizenship': 'England', 'stadium': 'The American Express Community Stadium', 'spectators': '31,537', 'home_shots_on_target': '5', 'away_shots_on_target': '4', 'home_shots_off_target': '6', 'away_shots_off_target': '4', 'home_shots_blocked': '3', 'away_shots_blocked': '3', 'home_possession': '48', 'away_possession': '52', 'home_corners': '4', 'away_corners': '4', 'home_offsides': '0', 'away_offsides': '6', 'home_fouls': '9', 'away_fouls': '13', 'home_throw_ins': '17', 'away_throw_ins': '14', 'home_yellow_cards': '1', 'away_yellow_cards': '2', 'home_goalkeeper_saves': '3', 'away_goalkeeper_saves': '3', 'home_goalKicks': '5', 'away_goalKicks': '4'}
2024-10-28 20:49:21,544 - INFO - Extracting link: https://www.livescore.com/en/football/england/premier-league/leicester-city-vs-tottenham-hotspur/1250581/
2024-10-28 20:49:26,212 - INFO - Clicked the close button: info
2024-10-28 20:49:29,737 - INFO - Clicked the close button: statistics
2024-10-28 20:49:32,439 - INFO - Match data extracted: {'home_team': 'Leicester City', 'away_team': 'Tottenham Hotspur', 'home_score': '1', 'away_score': '1', 'startTime': '20 Aug 2024', 'referee': 'Chris Kavanagh', 'ref_citizenship': 'England', 'stadium': 'King Power Stadium', 'spectators': '31,977', 'home_shots_on_target': '3', 'away_shots_on_target': '7', 'home_shots_off_target': '3', 'away_shots_off_target': '3', 'home_shots_blocked': '1', 'away_shots_blocked': '5', 'home_possession': '29', 'away_possession': '71', 'home_corners': '2', 'away_corners': '13', 'home_offsides': '2', 'away_offsides': '1', 'home_fouls': '11', 'away_fouls': '12', 'home_throw_ins': '16', 'away_throw_ins': '18', 'home_yellow_cards': '1', 'away_yellow_cards': '1', 'home_goalkeeper_saves': '5', 'away_goalkeeper_saves': '2', 'home_goalKicks': '6', 'away_goalKicks': '6'}
2024-10-28 20:49:32,440 - INFO - Extracting link: https://www.livescore.com/en/football/england/premier-league/chelsea-vs-manchester-city/1250589/
2024-10-28 20:49:37,635 - INFO - Clicked the close button: info
2024-10-28 20:49:40,830 - INFO - Clicked the close button: statistics
2024-10-28 20:49:44,126 - INFO - Match data extracted: {'home_team': 'Chelsea', 'away_team': 'Manchester City', 'home_score': '0', 'away_score': '2', 'startTime': '18 Aug 2024', 'referee': 'Anthony Taylor', 'ref_citizenship': 'England', 'stadium': 'Stamford Bridge', 'spectators': '39,818', 'home_shots_on_target': '3', 'away_shots_on_target': '5', 'home_shots_off_target': '3', 'away_shots_off_target': '3', 'home_shots_blocked': '4', 'away_shots_blocked': '3', 'home_possession': '48', 'away_possession': '52', 'home_corners': '4', 'away_corners': '3', 'home_offsides': '2', 'away_offsides': '1', 'home_fouls': '12', 'away_fouls': '9', 'home_throw_ins': '17', 'away_throw_ins': '18', 'home_yellow_cards': '1', 'away_yellow_cards': '1', 'home_goalkeeper_saves': '3', 'away_goalkeeper_saves': '3', 'home_goalKicks': '6', 'away_goalKicks': '5'}
2024-10-28 20:49:44,126 - INFO - Extracting link: https://www.livescore.com/en/football/england/premier-league/brentford-vs-crystal-palace/1250582/
2024-10-28 20:49:48,783 - INFO - Clicked the close button: info
2024-10-28 20:49:52,698 - INFO - Clicked the close button: statistics
2024-10-28 20:49:56,593 - INFO - Match data extracted: {'home_team': 'Brentford', 'away_team': 'Crystal Palace', 'home_score': '2', 'away_score': '1', 'startTime': '18 Aug 2024', 'referee': 'Samuel Barrott', 'ref_citizenship': 'England', 'stadium': 'Gtech Community Stadium', 'spectators': '16,988', 'home_shots_on_target': '5', 'away_shots_on_target': '6', 'home_shots_off_target': '3', 'away_shots_off_target': '5', 'home_shots_blocked': '1', 'away_shots_blocked': '3', 'home_possession': '46', 'away_possession': '54', 'home_corners': '4', 'away_corners': '7', 'home_offsides': '1', 'away_offsides': '3', 'home_fouls': '6', 'away_fouls': '15', 'home_throw_ins': '15', 'away_throw_ins': '16', 'home_yellow_cards': '1', 'away_yellow_cards': '5', 'home_goalkeeper_saves': '6', 'away_goalkeeper_saves': '3', 'home_goalKicks': '8', 'away_goalKicks': '10'}
2024-10-28 20:49:56,593 - INFO - Extracting link: https://www.livescore.com/en/football/england/premier-league/west-ham-united-vs-aston-villa/1250579/
2024-10-28 20:50:01,264 - INFO - Clicked the close button: info
2024-10-28 20:50:03,826 - INFO - Clicked the close button: statistics
2024-10-28 20:50:07,279 - INFO - Match data extracted: {'home_team': 'West Ham United', 'away_team': 'Aston Villa', 'home_score': '1', 'away_score': '2', 'startTime': '17 Aug 2024', 'referee': 'Tony Harrington', 'ref_citizenship': 'England', 'stadium': 'London Stadium', 'spectators': '62,463', 'home_shots_on_target': '3', 'away_shots_on_target': '3', 'home_shots_off_target': '6', 'away_shots_off_target': '6', 'home_shots_blocked': '5', 'away_shots_blocked': '6', 'home_possession': '51', 'away_possession': '49', 'home_corners': '5', 'away_corners': '3', 'home_offsides': '1', 'away_offsides': '1', 'home_fouls': '19', 'away_fouls': '11', 'home_throw_ins': '13', 'away_throw_ins': '19', 'home_yellow_cards': '1', 'away_yellow_cards': '2', 'home_goalkeeper_saves': '1', 'away_goalkeeper_saves': '2', 'home_goalKicks': '7', 'away_goalKicks': '7'}
2024-10-28 20:50:07,281 - INFO - Extracting link: https://www.livescore.com/en/football/england/premier-league/arsenal-vs-wolves/1250577/
2024-10-28 20:50:12,487 - INFO - Clicked the close button: info
2024-10-28 20:50:16,571 - INFO - Clicked the close button: statistics
2024-10-28 20:50:19,104 - INFO - Match data extracted: {'home_team': 'Arsenal', 'away_team': 'Wolves', 'home_score': '2', 'away_score': '0', 'startTime': '17 Aug 2024', 'referee': 'Jarred Gillett', 'ref_citizenship': 'Australia', 'stadium': 'Emirates Stadium', 'spectators': '60,261', 'home_shots_on_target': '6', 'away_shots_on_target': '3', 'home_shots_off_target': '6', 'away_shots_off_target': '4', 'home_shots_blocked': '5', 'away_shots_blocked': '2', 'home_possession': '53', 'away_possession': '47', 'home_corners': '8', 'away_corners': '2', 'home_offsides': '0', 'away_offsides': '1', 'home_fouls': '17', 'away_fouls': '14', 'home_throw_ins': '17', 'away_throw_ins': '16', 'home_yellow_cards': '2', 'away_yellow_cards': '2', 'home_goalkeeper_saves': '3', 'away_goalkeeper_saves': '4', 'home_goalKicks': '6', 'away_goalKicks': '7'}
2024-10-28 20:50:19,105 - INFO - Extracting link: https://www.livescore.com/en/football/england/premier-league/everton-vs-brighton/1250578/
2024-10-28 20:50:23,731 - INFO - Clicked the close button: info
2024-10-28 20:50:27,778 - INFO - Clicked the close button: statistics
2024-10-28 20:50:31,020 - INFO - Match data extracted: {'home_team': 'Everton', 'away_team': 'Brighton', 'home_score': '0', 'away_score': '3', 'startTime': '17 Aug 2024', 'referee': 'Simon Hooper', 'ref_citizenship': 'England', 'stadium': 'Goodison Park', 'spectators': '39,217', 'home_shots_on_target': '1', 'away_shots_on_target': '5', 'home_shots_off_target': '4', 'away_shots_off_target': '3', 'home_shots_blocked': '4', 'away_shots_blocked': '2', 'home_possession': '37', 'away_possession': '63', 'home_corners': '1', 'away_corners': '5', 'home_offsides': '7', 'away_offsides': '1', 'home_fouls': '8', 'away_fouls': '8', 'home_throw_ins': '27', 'away_throw_ins': '14', 'home_yellow_cards': '1', 'away_yellow_cards': '1', 'home_goalkeeper_saves': '2', 'away_goalkeeper_saves': '1', 'home_goalKicks': '4', 'away_goalKicks': '12'}
2024-10-28 20:50:31,021 - INFO - Extracting link: https://www.livescore.com/en/football/england/premier-league/newcastle-united-vs-southampton/1250580/
2024-10-28 20:50:35,675 - INFO - Clicked the close button: info
2024-10-28 20:50:39,124 - INFO - Clicked the close button: statistics
2024-10-28 20:50:42,723 - INFO - Match data extracted: {'home_team': 'Newcastle United', 'away_team': 'Southampton', 'home_score': '1', 'away_score': '0', 'startTime': '17 Aug 2024', 'referee': 'Craig Pawson', 'ref_citizenship': 'England', 'stadium': "St James' Park", 'spectators': '52,196', 'home_shots_on_target': '1', 'away_shots_on_target': '4', 'home_shots_off_target': '0', 'away_shots_off_target': '6', 'home_shots_blocked': '3', 'away_shots_blocked': '10', 'home_possession': '22', 'away_possession': '78', 'home_corners': '3', 'away_corners': '12', 'home_offsides': '1', 'away_offsides': '2', 'home_fouls': '15', 'away_fouls': '16', 'home_throw_ins': '11', 'away_throw_ins': '18', 'home_yellow_cards': '2', 'away_yellow_cards': '4', 'home_goalkeeper_saves': '3', 'away_goalkeeper_saves': '0', 'home_goalKicks': '10', 'away_goalKicks': '3'}
2024-10-28 20:50:42,724 - INFO - Extracting link: https://www.livescore.com/en/football/england/premier-league/nottingham-forest-vs-bournemouth/1250576/
2024-10-28 20:50:47,371 - INFO - Clicked the close button: info
2024-10-28 20:50:50,155 - INFO - Clicked the close button: statistics
2024-10-28 20:50:54,160 - INFO - Match data extracted: {'home_team': 'Nottingham Forest', 'away_team': 'Bournemouth', 'home_score': '1', 'away_score': '1', 'startTime': '17 Aug 2024', 'referee': 'Michael Oliver', 'ref_citizenship': 'England', 'stadium': 'City Ground, Nottingham', 'spectators': '29,763', 'home_shots_on_target': '8', 'away_shots_on_target': '4', 'home_shots_off_target': '3', 'away_shots_off_target': '6', 'home_shots_blocked': '3', 'away_shots_blocked': '3', 'home_possession': '53', 'away_possession': '47', 'home_corners': '2', 'away_corners': '6', 'home_offsides': '1', 'away_offsides': '4', 'home_fouls': '16', 'away_fouls': '9', 'home_throw_ins': '23', 'away_throw_ins': '17', 'home_yellow_cards': '1', 'away_yellow_cards': '3', 'home_goalkeeper_saves': '3', 'away_goalkeeper_saves': '7', 'home_goalKicks': '13', 'away_goalKicks': '6'}
2024-10-28 20:50:54,161 - INFO - Extracting link: https://www.livescore.com/en/football/england/premier-league/ipswich-town-vs-liverpool/1250575/
2024-10-28 20:50:58,792 - INFO - Clicked the close button: info
2024-10-28 20:51:02,411 - INFO - Clicked the close button: statistics
2024-10-28 20:51:04,866 - INFO - Match data extracted: {'home_team': 'Ipswich Town', 'away_team': 'Liverpool', 'home_score': '0', 'away_score': '2', 'startTime': '17 Aug 2024', 'referee': 'Tim Robinson', 'ref_citizenship': 'England', 'stadium': 'Portman Road', 'spectators': '30,014', 'home_shots_on_target': '2', 'away_shots_on_target': '5', 'home_shots_off_target': '2', 'away_shots_off_target': '5', 'home_shots_blocked': '3', 'away_shots_blocked': '7', 'home_possession': '38', 'away_possession': '62', 'home_corners': '2', 'away_corners': '10', 'home_offsides': '5', 'away_offsides': '0', 'home_fouls': '9', 'away_fouls': '18', 'home_throw_ins': '14', 'away_throw_ins': '24', 'home_yellow_cards': '3', 'away_yellow_cards': '1', 'home_goalkeeper_saves': '3', 'away_goalkeeper_saves': '2', 'home_goalKicks': '6', 'away_goalKicks': '4'}
2024-10-28 20:51:04,867 - INFO - Extracting link: https://www.livescore.com/en/football/england/premier-league/manchester-united-vs-fulham/1250574/
2024-10-28 20:51:09,570 - INFO - Clicked the close button: info
2024-10-28 20:51:12,536 - INFO - Clicked the close button: statistics
2024-10-28 20:51:15,638 - INFO - Match data extracted: {'home_team': 'Manchester United', 'away_team': 'Fulham', 'home_score': '1', 'away_score': '0', 'startTime': '17 Aug 2024', 'referee': 'Robert Jones', 'ref_citizenship': 'England', 'stadium': 'Old Trafford', 'spectators': '73,297', 'home_shots_on_target': '5', 'away_shots_on_target': '2', 'home_shots_off_target': '7', 'away_shots_off_target': '4', 'home_shots_blocked': '2', 'away_shots_blocked': '4', 'home_possession': '56', 'away_possession': '44', 'home_corners': '7', 'away_corners': '8', 'home_offsides': '3', 'away_offsides': '1', 'home_fouls': '12', 'away_fouls': '10', 'home_throw_ins': '15', 'away_throw_ins': '15', 'home_yellow_cards': '2', 'away_yellow_cards': '3', 'home_goalkeeper_saves': '2', 'away_goalkeeper_saves': '4', 'home_goalKicks': '6', 'away_goalKicks': '10'}
2024-10-28 20:51:15,645 - INFO - Data extraction complete. Match data saved to output/matchs_data.json.
2024-10-28 20:51:15,651 - INFO - Data extraction complete. Match data saved to output/matchs_data.csv.
